{"contracts/Bridge.sol":{"l":{"150":195,"151":195,"152":195,"153":195,"154":195,"155":195,"156":195,"157":195,"158":195,"159":195,"160":195,"161":195,"162":195,"163":195,"164":195,"167":195,"171":2,"172":1,"181":0,"182":0,"183":0,"184":0,"185":0,"186":0,"187":0,"188":0,"193":11,"201":11,"211":4,"212":4,"213":4,"214":4,"219":4,"220":4,"221":2,"223":0,"225":2,"226":1,"231":3,"232":3,"233":3,"234":3,"235":3,"237":0,"238":0,"239":0,"240":0,"243":3,"257":22,"258":22,"260":22,"261":2,"262":2,"265":20,"266":20,"267":20,"273":19,"274":19,"281":21,"292":20,"318":21,"319":21,"320":21,"321":21,"322":21,"323":21,"324":21,"325":21,"326":21,"327":21,"330":21,"331":21,"332":21,"334":21,"335":3,"337":20,"338":20,"339":26,"340":26,"343":26,"346":26,"349":26,"350":0,"356":0,"359":0,"362":26,"363":2,"385":4,"390":4,"398":4,"399":4,"400":1,"401":1,"402":1,"408":1,"410":3,"415":3,"428":3,"429":3,"430":3,"433":4,"441":4,"442":4,"443":4,"451":13,"452":1,"454":12,"463":9,"471":4,"480":10,"482":10,"487":10,"488":10,"493":10,"499":9,"500":9,"501":2,"502":1,"507":1,"511":1,"514":9,"516":9,"520":9,"521":9,"529":9,"546":0,"547":0,"548":0,"550":0,"551":0,"556":0,"562":0,"563":0,"564":0,"565":0,"569":0,"570":0,"578":0,"590":2,"592":2,"595":2,"601":2,"605":2,"606":1,"612":1,"618":2,"622":2,"624":2,"627":2,"631":2,"645":2,"650":2,"651":2,"659":9,"660":9,"661":6,"663":3,"664":3,"673":9,"674":9,"675":1,"676":1,"677":1,"678":1,"679":1,"681":0,"682":0,"685":8,"695":10,"700":10,"701":1,"702":1,"704":1,"706":0,"709":9,"710":9,"714":8,"715":8,"716":8,"717":8,"722":1,"731":9,"732":9,"735":9,"738":9,"743":9,"745":9,"746":9,"748":9,"749":9,"750":9,"751":9,"753":0,"754":0,"756":9,"760":9,"761":9,"762":9,"765":9,"766":3,"767":3,"768":3,"769":3,"770":3,"777":3,"778":3,"779":3,"780":3,"790":0,"791":0,"792":0,"793":0,"794":0,"795":0,"796":0,"797":0,"798":0,"802":0,"804":0,"811":0,"812":0,"813":0,"817":0,"818":0,"823":0,"824":0,"825":0,"826":0,"827":0,"830":0,"831":0,"834":0,"835":0,"837":0,"838":0,"850":0,"855":0,"856":0,"859":0,"860":0,"863":0,"864":0,"865":0,"866":0,"867":0,"868":0,"873":0,"876":0,"877":0,"890":0,"897":0,"898":0,"903":0,"904":0,"905":0,"907":0,"908":0,"910":0,"911":0,"917":0,"918":0,"925":0,"926":0,"927":0,"928":0,"929":0,"941":0,"942":0,"943":0,"955":0,"969":0,"974":0,"979":0,"980":0,"991":0,"992":0,"993":0,"995":0,"996":0,"1014":0,"1022":0,"1023":0,"1024":0,"1030":0,"1032":0,"1045":0,"1046":0,"1047":0,"1050":0,"1060":5,"1061":4,"1066":1,"1077":0,"1081":0,"1089":40,"1090":40,"1094":1197,"1095":1197,"1099":0,"1103":0,"1107":4,"1108":2,"1116":6,"1117":6,"1118":4,"1122":2,"1125":2,"1129":0,"1132":6,"1153":0},"path":"/home/pelumi/Desktop/WK/bridgeContract/contracts/Bridge.sol","s":{"1":195,"2":195,"3":195,"4":195,"5":195,"6":195,"7":195,"8":195,"9":195,"10":195,"11":195,"12":195,"13":195,"14":195,"15":195,"16":2,"17":1,"18":0,"19":0,"20":0,"21":0,"22":0,"23":0,"24":0,"25":0,"26":11,"27":11,"28":4,"29":4,"30":4,"31":4,"32":4,"33":4,"34":2,"35":2,"36":0,"37":2,"38":1,"39":0,"40":1,"41":1,"42":0,"43":3,"44":3,"45":3,"46":3,"47":3,"48":0,"49":0,"50":0,"51":0,"52":3,"53":22,"54":22,"55":22,"56":2,"57":2,"58":20,"59":20,"60":20,"61":19,"62":19,"63":21,"64":20,"65":21,"66":21,"67":21,"68":21,"69":21,"70":21,"71":21,"72":21,"73":21,"74":21,"75":21,"76":21,"77":21,"78":21,"79":3,"80":20,"81":20,"82":26,"83":26,"84":26,"85":26,"86":26,"87":0,"88":0,"89":0,"90":26,"91":2,"92":4,"93":4,"94":4,"95":4,"96":1,"97":1,"98":1,"99":3,"100":3,"101":3,"102":3,"103":3,"104":4,"105":4,"106":4,"107":4,"108":13,"109":1,"110":12,"111":9,"112":4,"113":10,"114":10,"115":10,"116":10,"117":10,"118":9,"119":9,"120":2,"121":1,"122":1,"123":1,"124":9,"125":9,"126":9,"127":9,"128":9,"129":0,"130":0,"131":0,"132":0,"133":0,"134":0,"135":0,"136":0,"137":0,"138":0,"139":0,"140":0,"141":0,"142":2,"143":2,"144":2,"145":2,"146":2,"147":1,"148":1,"149":2,"150":2,"151":2,"152":2,"153":2,"154":2,"155":2,"156":2,"157":9,"158":9,"159":6,"160":3,"161":3,"162":9,"163":9,"164":1,"165":1,"166":1,"167":1,"168":1,"169":0,"170":0,"171":8,"172":10,"173":10,"174":1,"175":1,"176":1,"177":0,"178":9,"179":9,"180":8,"181":8,"182":8,"183":8,"184":1,"185":9,"186":9,"187":9,"188":0,"189":9,"190":9,"191":9,"192":9,"193":9,"194":9,"195":9,"196":9,"197":9,"198":0,"199":0,"200":9,"201":9,"202":9,"203":9,"204":9,"205":0,"206":9,"207":3,"208":3,"209":3,"210":3,"211":3,"212":3,"213":3,"214":3,"215":3,"216":0,"217":0,"218":0,"219":0,"220":0,"221":0,"222":0,"223":0,"224":0,"225":0,"226":0,"227":0,"228":0,"229":0,"230":0,"231":0,"232":0,"233":0,"234":0,"235":0,"236":0,"237":0,"238":0,"239":0,"240":0,"241":0,"242":0,"243":0,"244":0,"245":0,"246":0,"247":0,"248":0,"249":0,"250":0,"251":0,"252":0,"253":0,"254":0,"255":0,"256":0,"257":0,"258":0,"259":0,"260":0,"261":0,"262":0,"263":0,"264":0,"265":0,"266":0,"267":0,"268":0,"269":0,"270":0,"271":0,"272":0,"273":0,"274":0,"275":0,"276":0,"277":0,"278":0,"279":0,"280":0,"281":0,"282":0,"283":0,"284":0,"285":0,"286":0,"287":0,"288":0,"289":0,"290":0,"291":0,"292":0,"293":0,"294":0,"295":0,"296":0,"297":0,"298":0,"299":0,"300":0,"301":0,"302":0,"303":0,"304":5,"305":4,"306":1,"307":0,"308":0,"309":40,"310":40,"311":1197,"312":1197,"313":0,"314":0,"315":4,"316":2,"317":6,"318":6,"319":4,"320":2,"321":2,"322":0,"323":6,"324":0},"b":{"1":[11,0],"2":[4,0],"3":[2,2],"4":[0,2],"5":[0,1],"6":[1,0],"7":[0,0],"8":[3,0],"9":[2,20],"10":[2,0],"11":[20,0],"12":[19,1],"13":[21,0],"14":[21,0],"15":[21,0],"16":[3,18],"17":[26,0],"18":[26,0],"19":[0,26],"20":[0,0],"21":[2,24],"22":[4,0],"23":[4,0],"24":[1,3],"25":[1,12],"26":[10,0],"27":[9,1],"28":[2,7],"29":[1,1],"30":[0,0],"31":[0,0],"32":[2,0],"33":[1,1],"34":[2,0],"35":[6,3],"36":[1,8],"37":[1,0],"38":[1,9],"39":[1,0],"40":[8,1],"41":[9,0],"42":[9,0],"43":[9,0],"44":[9,0],"45":[3,6],"46":[3,0],"47":[3,0],"48":[3,0],"49":[0,0],"50":[0,0],"51":[0,0],"52":[0,0],"53":[0,0],"54":[0,0],"55":[0,0],"56":[0,0],"57":[0,0],"58":[0,0],"59":[0,0],"60":[0,0],"61":[0,0],"62":[0,0],"63":[0,0],"64":[0,0],"65":[0,0],"66":[0,0],"67":[0,0],"68":[0,0],"69":[0,0],"70":[0,0],"71":[0,0],"72":[4,1],"73":[40,0],"74":[1197,0],"75":[0,0],"76":[2,2],"77":[4,2],"78":[2,2],"79":[0,2]},"f":{"1":195,"2":2,"3":0,"4":11,"5":4,"6":22,"7":21,"8":4,"9":4,"10":13,"11":9,"12":4,"13":10,"14":0,"15":2,"16":2,"17":9,"18":9,"19":10,"20":9,"21":9,"22":0,"23":0,"24":0,"25":0,"26":0,"27":0,"28":0,"29":5,"30":0,"31":0,"32":40,"33":1197,"34":0,"35":4,"36":6,"37":0},"fnMap":{"1":{"name":"constructor","line":141,"loc":{"start":{"line":141,"column":4},"end":{"line":168,"column":4}}},"2":{"name":"pauseBrigde","line":170,"loc":{"start":{"line":170,"column":4},"end":{"line":174,"column":4}}},"3":{"name":"updateAddresses","line":176,"loc":{"start":{"line":176,"column":4},"end":{"line":189,"column":4}}},"4":{"name":"activeNativeAsset","line":191,"loc":{"start":{"line":191,"column":4},"end":{"line":202,"column":4}}},"5":{"name":"updateAsset","line":204,"loc":{"start":{"line":204,"column":4},"end":{"line":244,"column":4}}},"6":{"name":"registerRail","line":246,"loc":{"start":{"line":246,"column":4},"end":{"line":305,"column":4}}},"7":{"name":"_registerRail","line":307,"loc":{"start":{"line":307,"column":4},"end":{"line":371,"column":4}}},"8":{"name":"addForiegnAsset","line":373,"loc":{"start":{"line":373,"column":4},"end":{"line":434,"column":4}}},"9":{"name":"_registerForiegn","line":436,"loc":{"start":{"line":436,"column":4},"end":{"line":444,"column":4}}},"10":{"name":"getAssetDecimals","line":446,"loc":{"start":{"line":446,"column":4},"end":{"line":456,"column":4}}},"11":{"name":"standaredize","line":458,"loc":{"start":{"line":458,"column":4},"end":{"line":464,"column":4}}},"12":{"name":"convertToAssetDecimals","line":466,"loc":{"start":{"line":466,"column":4},"end":{"line":472,"column":4}}},"13":{"name":"send","line":479,"loc":{"start":{"line":474,"column":4},"end":{"line":538,"column":4}}},"14":{"name":"burn","line":543,"loc":{"start":{"line":540,"column":4},"end":{"line":587,"column":4}}},"15":{"name":"mint","line":589,"loc":{"start":{"line":589,"column":4},"end":{"line":619,"column":4}}},"16":{"name":"claim","line":621,"loc":{"start":{"line":621,"column":4},"end":{"line":652,"column":4}}},"17":{"name":"payoutUser","line":654,"loc":{"start":{"line":654,"column":4},"end":{"line":666,"column":4}}},"18":{"name":"removeBaseFee","line":668,"loc":{"start":{"line":668,"column":4},"end":{"line":687,"column":4}}},"19":{"name":"processedPayment","line":690,"loc":{"start":{"line":690,"column":4},"end":{"line":725,"column":4}}},"20":{"name":"deductFees","line":728,"loc":{"start":{"line":728,"column":4},"end":{"line":757,"column":4}}},"21":{"name":"remitFees","line":759,"loc":{"start":{"line":759,"column":4},"end":{"line":787,"column":4}}},"22":{"name":"initiateMigration","line":789,"loc":{"start":{"line":789,"column":4},"end":{"line":799,"column":4}}},"23":{"name":"completeMigration","line":801,"loc":{"start":{"line":801,"column":4},"end":{"line":814,"column":4}}},"24":{"name":"migrateForiegn","line":816,"loc":{"start":{"line":816,"column":4},"end":{"line":894,"column":4}}},"25":{"name":"migrateNative","line":896,"loc":{"start":{"line":896,"column":4},"end":{"line":922,"column":4}}},"26":{"name":"_migrateNative","line":924,"loc":{"start":{"line":924,"column":4},"end":{"line":956,"column":4}}},"27":{"name":"registerNativeMigration","line":958,"loc":{"start":{"line":958,"column":4},"end":{"line":999,"column":4}}},"28":{"name":"registerForiegnMigration","line":1001,"loc":{"start":{"line":1001,"column":4},"end":{"line":1053,"column":4}}},"29":{"name":"assetLimits","line":1055,"loc":{"start":{"line":1055,"column":4},"end":{"line":1070,"column":4}}},"30":{"name":"getAssetSupportedChainIds","line":1072,"loc":{"start":{"line":1072,"column":4},"end":{"line":1078,"column":4}}},"31":{"name":"getAssetCount","line":1080,"loc":{"start":{"line":1080,"column":4},"end":{"line":1086,"column":4}}},"32":{"name":"notPaused","line":1088,"loc":{"start":{"line":1088,"column":4},"end":{"line":1091,"column":4}}},"33":{"name":"noneZeroAddress","line":1093,"loc":{"start":{"line":1093,"column":4},"end":{"line":1096,"column":4}}},"34":{"name":"onlyAdmin","line":1098,"loc":{"start":{"line":1098,"column":4},"end":{"line":1104,"column":4}}},"35":{"name":"isOwner","line":1106,"loc":{"start":{"line":1106,"column":4},"end":{"line":1109,"column":4}}},"36":{"name":"isAssetManager","line":1111,"loc":{"start":{"line":1111,"column":4},"end":{"line":1133,"column":4}}},"37":{"name":"bridgeData","line":1135,"loc":{"start":{"line":1135,"column":4},"end":{"line":1167,"column":4}}}},"statementMap":{"1":{"start":{"line":150,"column":8},"end":{"line":150,"column":36}},"2":{"start":{"line":151,"column":8},"end":{"line":151,"column":33}},"3":{"start":{"line":152,"column":8},"end":{"line":152,"column":33}},"4":{"start":{"line":153,"column":8},"end":{"line":153,"column":33}},"5":{"start":{"line":154,"column":8},"end":{"line":154,"column":38}},"6":{"start":{"line":155,"column":8},"end":{"line":155,"column":35}},"7":{"start":{"line":156,"column":8},"end":{"line":156,"column":38}},"8":{"start":{"line":157,"column":8},"end":{"line":157,"column":45}},"9":{"start":{"line":158,"column":8},"end":{"line":158,"column":39}},"10":{"start":{"line":159,"column":8},"end":{"line":159,"column":27}},"11":{"start":{"line":160,"column":8},"end":{"line":160,"column":27}},"12":{"start":{"line":161,"column":8},"end":{"line":161,"column":37}},"13":{"start":{"line":162,"column":8},"end":{"line":162,"column":44}},"14":{"start":{"line":163,"column":8},"end":{"line":163,"column":18}},"15":{"start":{"line":167,"column":8},"end":{"line":167,"column":19}},"16":{"start":{"line":171,"column":8},"end":{"line":171,"column":16}},"17":{"start":{"line":172,"column":8},"end":{"line":172,"column":23}},"18":{"start":{"line":181,"column":8},"end":{"line":181,"column":16}},"19":{"start":{"line":182,"column":8},"end":{"line":182,"column":33}},"20":{"start":{"line":183,"column":8},"end":{"line":183,"column":38}},"21":{"start":{"line":184,"column":8},"end":{"line":184,"column":33}},"22":{"start":{"line":185,"column":8},"end":{"line":185,"column":67}},"23":{"start":{"line":186,"column":8},"end":{"line":186,"column":38}},"24":{"start":{"line":187,"column":8},"end":{"line":187,"column":37}},"25":{"start":{"line":188,"column":8},"end":{"line":188,"column":27}},"26":{"start":{"line":193,"column":8},"end":{"line":193,"column":6196}},"27":{"start":{"line":201,"column":8},"end":{"line":201,"column":51}},"28":{"start":{"line":211,"column":8},"end":{"line":211,"column":18}},"29":{"start":{"line":212,"column":8},"end":{"line":212,"column":31}},"30":{"start":{"line":213,"column":8},"end":{"line":213,"column":37}},"31":{"start":{"line":214,"column":8},"end":{"line":214,"column":6856}},"32":{"start":{"line":219,"column":8},"end":{"line":219,"column":19}},"33":{"start":{"line":220,"column":8},"end":{"line":220,"column":7037}},"34":{"start":{"line":221,"column":12},"end":{"line":221,"column":24}},"35":{"start":{"line":222,"column":15},"end":{"line":222,"column":7121}},"36":{"start":{"line":223,"column":12},"end":{"line":223,"column":25}},"37":{"start":{"line":225,"column":12},"end":{"line":225,"column":20}},"38":{"start":{"line":226,"column":12},"end":{"line":226,"column":7274}},"39":{"start":{"line":226,"column":51},"end":{"line":226,"column":64}},"40":{"start":{"line":227,"column":17},"end":{"line":227,"column":7346}},"41":{"start":{"line":227,"column":55},"end":{"line":227,"column":67}},"42":{"start":{"line":228,"column":17},"end":{"line":228,"column":37}},"43":{"start":{"line":231,"column":8},"end":{"line":231,"column":7428}},"44":{"start":{"line":232,"column":12},"end":{"line":232,"column":55}},"45":{"start":{"line":233,"column":12},"end":{"line":233,"column":66}},"46":{"start":{"line":234,"column":12},"end":{"line":234,"column":53}},"47":{"start":{"line":235,"column":12},"end":{"line":235,"column":53}},"48":{"start":{"line":237,"column":12},"end":{"line":237,"column":56}},"49":{"start":{"line":238,"column":12},"end":{"line":238,"column":67}},"50":{"start":{"line":239,"column":12},"end":{"line":239,"column":54}},"51":{"start":{"line":240,"column":12},"end":{"line":240,"column":54}},"52":{"start":{"line":243,"column":8},"end":{"line":243,"column":75}},"53":{"start":{"line":257,"column":8},"end":{"line":257,"column":18}},"54":{"start":{"line":258,"column":8},"end":{"line":258,"column":22}},"55":{"start":{"line":260,"column":8},"end":{"line":260,"column":8519}},"56":{"start":{"line":261,"column":12},"end":{"line":261,"column":8573}},"57":{"start":{"line":262,"column":16},"end":{"line":262,"column":31}},"58":{"start":{"line":265,"column":12},"end":{"line":265,"column":27}},"59":{"start":{"line":266,"column":12},"end":{"line":266,"column":8737}},"60":{"start":{"line":267,"column":16},"end":{"line":267,"column":8791}},"61":{"start":{"line":273,"column":12},"end":{"line":273,"column":54}},"62":{"start":{"line":274,"column":12},"end":{"line":274,"column":9070}},"63":{"start":{"line":281,"column":8},"end":{"line":281,"column":9267}},"64":{"start":{"line":292,"column":8},"end":{"line":292,"column":9513}},"65":{"start":{"line":318,"column":8},"end":{"line":318,"column":65}},"66":{"start":{"line":319,"column":8},"end":{"line":319,"column":10189}},"67":{"start":{"line":320,"column":12},"end":{"line":320,"column":53}},"68":{"start":{"line":321,"column":12},"end":{"line":321,"column":47}},"69":{"start":{"line":322,"column":12},"end":{"line":322,"column":47}},"70":{"start":{"line":323,"column":12},"end":{"line":323,"column":10390}},"71":{"start":{"line":324,"column":16},"end":{"line":324,"column":10427}},"72":{"start":{"line":325,"column":20},"end":{"line":325,"column":50}},"73":{"start":{"line":326,"column":20},"end":{"line":326,"column":59}},"74":{"start":{"line":327,"column":20},"end":{"line":327,"column":51}},"75":{"start":{"line":330,"column":12},"end":{"line":330,"column":38}},"76":{"start":{"line":331,"column":12},"end":{"line":331,"column":52}},"77":{"start":{"line":332,"column":12},"end":{"line":332,"column":46}},"78":{"start":{"line":334,"column":8},"end":{"line":334,"column":10840}},"79":{"start":{"line":335,"column":12},"end":{"line":335,"column":57}},"80":{"start":{"line":337,"column":8},"end":{"line":337,"column":52}},"81":{"start":{"line":338,"column":8},"end":{"line":338,"column":11029}},"82":{"start":{"line":339,"column":12},"end":{"line":339,"column":11097}},"83":{"start":{"line":340,"column":16},"end":{"line":340,"column":11181}},"84":{"start":{"line":343,"column":20},"end":{"line":343,"column":11318}},"85":{"start":{"line":346,"column":20},"end":{"line":346,"column":11445}},"86":{"start":{"line":349,"column":20},"end":{"line":349,"column":11578}},"87":{"start":{"line":350,"column":24},"end":{"line":350,"column":11623}},"88":{"start":{"line":356,"column":28},"end":{"line":356,"column":11894}},"89":{"start":{"line":359,"column":28},"end":{"line":359,"column":73}},"90":{"start":{"line":362,"column":24},"end":{"line":362,"column":12159}},"91":{"start":{"line":363,"column":28},"end":{"line":363,"column":12216}},"92":{"start":{"line":385,"column":8},"end":{"line":385,"column":12750}},"93":{"start":{"line":390,"column":8},"end":{"line":390,"column":12900}},"94":{"start":{"line":398,"column":8},"end":{"line":398,"column":30}},"95":{"start":{"line":399,"column":8},"end":{"line":399,"column":13186}},"96":{"start":{"line":400,"column":12},"end":{"line":400,"column":41}},"97":{"start":{"line":401,"column":12},"end":{"line":401,"column":55}},"98":{"start":{"line":402,"column":12},"end":{"line":402,"column":13322}},"99":{"start":{"line":410,"column":12},"end":{"line":410,"column":13572}},"100":{"start":{"line":415,"column":12},"end":{"line":415,"column":13745}},"101":{"start":{"line":428,"column":12},"end":{"line":428,"column":56}},"102":{"start":{"line":429,"column":12},"end":{"line":429,"column":55}},"103":{"start":{"line":430,"column":12},"end":{"line":430,"column":49}},"104":{"start":{"line":433,"column":8},"end":{"line":433,"column":64}},"105":{"start":{"line":441,"column":8},"end":{"line":441,"column":67}},"106":{"start":{"line":442,"column":8},"end":{"line":442,"column":60}},"107":{"start":{"line":443,"column":8},"end":{"line":443,"column":71}},"108":{"start":{"line":451,"column":8},"end":{"line":451,"column":14790}},"109":{"start":{"line":452,"column":12},"end":{"line":452,"column":38}},"110":{"start":{"line":454,"column":12},"end":{"line":454,"column":58}},"111":{"start":{"line":463,"column":8},"end":{"line":463,"column":59}},"112":{"start":{"line":471,"column":8},"end":{"line":471,"column":59}},"113":{"start":{"line":480,"column":8},"end":{"line":480,"column":18}},"114":{"start":{"line":482,"column":8},"end":{"line":482,"column":15604}},"115":{"start":{"line":487,"column":8},"end":{"line":487,"column":32}},"116":{"start":{"line":488,"column":8},"end":{"line":488,"column":15798}},"117":{"start":{"line":493,"column":8},"end":{"line":493,"column":15940}},"118":{"start":{"line":499,"column":8},"end":{"line":499,"column":46}},"119":{"start":{"line":500,"column":8},"end":{"line":500,"column":16202}},"120":{"start":{"line":501,"column":12},"end":{"line":501,"column":16261}},"121":{"start":{"line":502,"column":16},"end":{"line":502,"column":16315}},"122":{"start":{"line":507,"column":16},"end":{"line":507,"column":16479}},"123":{"start":{"line":511,"column":16},"end":{"line":511,"column":60}},"124":{"start":{"line":514,"column":8},"end":{"line":514,"column":58}},"125":{"start":{"line":516,"column":8},"end":{"line":516,"column":16756}},"126":{"start":{"line":520,"column":8},"end":{"line":520,"column":22}},"127":{"start":{"line":521,"column":8},"end":{"line":521,"column":16899}},"128":{"start":{"line":529,"column":8},"end":{"line":529,"column":17086}},"129":{"start":{"line":546,"column":8},"end":{"line":546,"column":18}},"130":{"start":{"line":547,"column":8},"end":{"line":547,"column":59}},"131":{"start":{"line":548,"column":8},"end":{"line":548,"column":56}},"132":{"start":{"line":550,"column":8},"end":{"line":550,"column":32}},"133":{"start":{"line":551,"column":8},"end":{"line":551,"column":17651}},"134":{"start":{"line":556,"column":8},"end":{"line":556,"column":17793}},"135":{"start":{"line":562,"column":8},"end":{"line":562,"column":47}},"136":{"start":{"line":563,"column":8},"end":{"line":563,"column":54}},"137":{"start":{"line":564,"column":8},"end":{"line":564,"column":57}},"138":{"start":{"line":565,"column":8},"end":{"line":565,"column":18174}},"139":{"start":{"line":569,"column":8},"end":{"line":569,"column":22}},"140":{"start":{"line":570,"column":8},"end":{"line":570,"column":18317}},"141":{"start":{"line":578,"column":8},"end":{"line":578,"column":18505}},"142":{"start":{"line":590,"column":8},"end":{"line":590,"column":18}},"143":{"start":{"line":592,"column":8},"end":{"line":592,"column":18830}},"144":{"start":{"line":595,"column":8},"end":{"line":595,"column":18938}},"145":{"start":{"line":601,"column":8},"end":{"line":601,"column":19132}},"146":{"start":{"line":605,"column":8},"end":{"line":605,"column":19278}},"147":{"start":{"line":606,"column":12},"end":{"line":606,"column":19361}},"148":{"start":{"line":612,"column":12},"end":{"line":612,"column":19528}},"149":{"start":{"line":618,"column":8},"end":{"line":618,"column":47}},"150":{"start":{"line":622,"column":8},"end":{"line":622,"column":18}},"151":{"start":{"line":624,"column":8},"end":{"line":624,"column":19836}},"152":{"start":{"line":627,"column":8},"end":{"line":627,"column":19947}},"153":{"start":{"line":631,"column":8},"end":{"line":631,"column":20093}},"154":{"start":{"line":645,"column":8},"end":{"line":645,"column":20532}},"155":{"start":{"line":650,"column":8},"end":{"line":650,"column":63}},"156":{"start":{"line":651,"column":8},"end":{"line":651,"column":49}},"157":{"start":{"line":659,"column":8},"end":{"line":659,"column":33}},"158":{"start":{"line":660,"column":8},"end":{"line":660,"column":20955}},"159":{"start":{"line":661,"column":12},"end":{"line":661,"column":37}},"160":{"start":{"line":663,"column":12},"end":{"line":663,"column":64}},"161":{"start":{"line":664,"column":12},"end":{"line":664,"column":63}},"162":{"start":{"line":673,"column":8},"end":{"line":673,"column":64}},"163":{"start":{"line":674,"column":8},"end":{"line":674,"column":21415}},"164":{"start":{"line":675,"column":12},"end":{"line":675,"column":66}},"165":{"start":{"line":676,"column":12},"end":{"line":676,"column":78}},"166":{"start":{"line":677,"column":12},"end":{"line":677,"column":21637}},"167":{"start":{"line":678,"column":16},"end":{"line":678,"column":69}},"168":{"start":{"line":679,"column":16},"end":{"line":679,"column":39}},"169":{"start":{"line":681,"column":16},"end":{"line":681,"column":70}},"170":{"start":{"line":682,"column":16},"end":{"line":682,"column":39}},"171":{"start":{"line":685,"column":12},"end":{"line":685,"column":25}},"172":{"start":{"line":695,"column":8},"end":{"line":695,"column":22212}},"173":{"start":{"line":700,"column":8},"end":{"line":700,"column":22359}},"174":{"start":{"line":701,"column":12},"end":{"line":701,"column":22409}},"175":{"start":{"line":702,"column":16},"end":{"line":702,"column":48}},"176":{"start":{"line":704,"column":16},"end":{"line":704,"column":65}},"177":{"start":{"line":706,"column":16},"end":{"line":706,"column":33}},"178":{"start":{"line":709,"column":12},"end":{"line":709,"column":47}},"179":{"start":{"line":710,"column":12},"end":{"line":710,"column":22726}},"180":{"start":{"line":714,"column":16},"end":{"line":714,"column":70}},"181":{"start":{"line":715,"column":16},"end":{"line":715,"column":74}},"182":{"start":{"line":716,"column":16},"end":{"line":716,"column":69}},"183":{"start":{"line":717,"column":16},"end":{"line":717,"column":23098}},"184":{"start":{"line":722,"column":16},"end":{"line":722,"column":33}},"185":{"start":{"line":731,"column":8},"end":{"line":731,"column":34}},"186":{"start":{"line":732,"column":8},"end":{"line":732,"column":23563}},"187":{"start":{"line":732,"column":20},"end":{"line":732,"column":60}},"188":{"start":{"line":733,"column":13},"end":{"line":733,"column":54}},"189":{"start":{"line":735,"column":8},"end":{"line":735,"column":41}},"190":{"start":{"line":738,"column":8},"end":{"line":738,"column":23749}},"191":{"start":{"line":743,"column":8},"end":{"line":743,"column":45}},"192":{"start":{"line":745,"column":8},"end":{"line":745,"column":23955}},"193":{"start":{"line":746,"column":12},"end":{"line":746,"column":24040}},"194":{"start":{"line":748,"column":12},"end":{"line":748,"column":62}},"195":{"start":{"line":749,"column":12},"end":{"line":749,"column":55}},"196":{"start":{"line":750,"column":12},"end":{"line":750,"column":48}},"197":{"start":{"line":751,"column":12},"end":{"line":751,"column":49}},"198":{"start":{"line":753,"column":12},"end":{"line":753,"column":55}},"199":{"start":{"line":754,"column":12},"end":{"line":754,"column":51}},"200":{"start":{"line":756,"column":8},"end":{"line":756,"column":38}},"201":{"start":{"line":760,"column":8},"end":{"line":760,"column":34}},"202":{"start":{"line":761,"column":8},"end":{"line":761,"column":22}},"203":{"start":{"line":762,"column":8},"end":{"line":762,"column":24683}},"204":{"start":{"line":762,"column":20},"end":{"line":762,"column":60}},"205":{"start":{"line":763,"column":13},"end":{"line":763,"column":54}},"206":{"start":{"line":765,"column":8},"end":{"line":765,"column":24757}},"207":{"start":{"line":766,"column":12},"end":{"line":766,"column":24823}},"208":{"start":{"line":767,"column":16},"end":{"line":767,"column":24873}},"209":{"start":{"line":768,"column":20},"end":{"line":768,"column":51}},"210":{"start":{"line":769,"column":20},"end":{"line":769,"column":46}},"211":{"start":{"line":770,"column":20},"end":{"line":770,"column":25035}},"212":{"start":{"line":777,"column":12},"end":{"line":777,"column":25233}},"213":{"start":{"line":778,"column":16},"end":{"line":778,"column":34}},"214":{"start":{"line":779,"column":16},"end":{"line":779,"column":29}},"215":{"start":{"line":780,"column":16},"end":{"line":780,"column":25344}},"216":{"start":{"line":790,"column":8},"end":{"line":790,"column":18}},"217":{"start":{"line":791,"column":8},"end":{"line":791,"column":16}},"218":{"start":{"line":792,"column":8},"end":{"line":792,"column":34}},"219":{"start":{"line":793,"column":8},"end":{"line":793,"column":39}},"220":{"start":{"line":794,"column":8},"end":{"line":794,"column":29}},"221":{"start":{"line":795,"column":8},"end":{"line":795,"column":29}},"222":{"start":{"line":796,"column":8},"end":{"line":796,"column":20}},"223":{"start":{"line":797,"column":8},"end":{"line":797,"column":48}},"224":{"start":{"line":798,"column":8},"end":{"line":798,"column":43}},"225":{"start":{"line":802,"column":8},"end":{"line":802,"column":16}},"226":{"start":{"line":804,"column":8},"end":{"line":804,"column":25954}},"227":{"start":{"line":811,"column":8},"end":{"line":811,"column":44}},"228":{"start":{"line":812,"column":8},"end":{"line":812,"column":30}},"229":{"start":{"line":813,"column":8},"end":{"line":813,"column":42}},"230":{"start":{"line":817,"column":8},"end":{"line":817,"column":16}},"231":{"start":{"line":818,"column":8},"end":{"line":818,"column":26433}},"232":{"start":{"line":823,"column":8},"end":{"line":823,"column":21}},"233":{"start":{"line":824,"column":8},"end":{"line":824,"column":31}},"234":{"start":{"line":825,"column":8},"end":{"line":825,"column":26645}},"235":{"start":{"line":826,"column":12},"end":{"line":826,"column":76}},"236":{"start":{"line":827,"column":12},"end":{"line":827,"column":26797}},"237":{"start":{"line":827,"column":45},"end":{"line":827,"column":74}},"238":{"start":{"line":828,"column":17},"end":{"line":828,"column":50}},"239":{"start":{"line":830,"column":12},"end":{"line":830,"column":26955}},"240":{"start":{"line":831,"column":16},"end":{"line":831,"column":38}},"241":{"start":{"line":832,"column":17},"end":{"line":832,"column":77}},"242":{"start":{"line":834,"column":12},"end":{"line":834,"column":27080}},"243":{"start":{"line":835,"column":16},"end":{"line":835,"column":27204}},"244":{"start":{"line":837,"column":16},"end":{"line":837,"column":27257}},"245":{"start":{"line":838,"column":20},"end":{"line":838,"column":27310}},"246":{"start":{"line":850,"column":20},"end":{"line":850,"column":70}},"247":{"start":{"line":855,"column":12},"end":{"line":855,"column":72}},"248":{"start":{"line":856,"column":12},"end":{"line":856,"column":28072}},"249":{"start":{"line":856,"column":35},"end":{"line":856,"column":54}},"250":{"start":{"line":857,"column":17},"end":{"line":857,"column":40}},"251":{"start":{"line":859,"column":12},"end":{"line":859,"column":28206}},"252":{"start":{"line":860,"column":16},"end":{"line":860,"column":38}},"253":{"start":{"line":861,"column":17},"end":{"line":861,"column":73}},"254":{"start":{"line":863,"column":12},"end":{"line":863,"column":28327}},"255":{"start":{"line":864,"column":16},"end":{"line":864,"column":67}},"256":{"start":{"line":865,"column":16},"end":{"line":865,"column":71}},"257":{"start":{"line":866,"column":16},"end":{"line":866,"column":28533}},"258":{"start":{"line":867,"column":20},"end":{"line":867,"column":28587}},"259":{"start":{"line":868,"column":24},"end":{"line":868,"column":28650}},"260":{"start":{"line":873,"column":24},"end":{"line":873,"column":50}},"261":{"start":{"line":876,"column":16},"end":{"line":876,"column":71}},"262":{"start":{"line":877,"column":16},"end":{"line":877,"column":29020}},"263":{"start":{"line":890,"column":16},"end":{"line":890,"column":46}},"264":{"start":{"line":897,"column":8},"end":{"line":897,"column":16}},"265":{"start":{"line":898,"column":8},"end":{"line":898,"column":29776}},"266":{"start":{"line":903,"column":8},"end":{"line":903,"column":31}},"267":{"start":{"line":904,"column":8},"end":{"line":904,"column":21}},"268":{"start":{"line":905,"column":8},"end":{"line":905,"column":30017}},"269":{"start":{"line":905,"column":31},"end":{"line":905,"column":50}},"270":{"start":{"line":906,"column":13},"end":{"line":906,"column":36}},"271":{"start":{"line":907,"column":8},"end":{"line":907,"column":30080}},"272":{"start":{"line":908,"column":12},"end":{"line":908,"column":67}},"273":{"start":{"line":910,"column":12},"end":{"line":910,"column":34}},"274":{"start":{"line":911,"column":12},"end":{"line":911,"column":30238}},"275":{"start":{"line":917,"column":8},"end":{"line":917,"column":30374}},"276":{"start":{"line":918,"column":12},"end":{"line":918,"column":54}},"277":{"start":{"line":925,"column":8},"end":{"line":925,"column":61}},"278":{"start":{"line":926,"column":8},"end":{"line":926,"column":23}},"279":{"start":{"line":927,"column":8},"end":{"line":927,"column":30702}},"280":{"start":{"line":928,"column":12},"end":{"line":928,"column":42}},"281":{"start":{"line":929,"column":12},"end":{"line":929,"column":30797}},"282":{"start":{"line":941,"column":12},"end":{"line":941,"column":66}},"283":{"start":{"line":942,"column":12},"end":{"line":942,"column":63}},"284":{"start":{"line":943,"column":12},"end":{"line":943,"column":31475}},"285":{"start":{"line":955,"column":8},"end":{"line":955,"column":38}},"286":{"start":{"line":969,"column":8},"end":{"line":969,"column":32370}},"287":{"start":{"line":974,"column":8},"end":{"line":974,"column":32493}},"288":{"start":{"line":979,"column":8},"end":{"line":979,"column":63}},"289":{"start":{"line":980,"column":8},"end":{"line":980,"column":32701}},"290":{"start":{"line":991,"column":8},"end":{"line":991,"column":55}},"291":{"start":{"line":992,"column":8},"end":{"line":992,"column":58}},"292":{"start":{"line":993,"column":8},"end":{"line":993,"column":63}},"293":{"start":{"line":995,"column":8},"end":{"line":995,"column":33128}},"294":{"start":{"line":996,"column":12},"end":{"line":996,"column":51}},"295":{"start":{"line":1014,"column":8},"end":{"line":1014,"column":33734}},"296":{"start":{"line":1022,"column":8},"end":{"line":1022,"column":33995}},"297":{"start":{"line":1023,"column":12},"end":{"line":1023,"column":55}},"298":{"start":{"line":1024,"column":12},"end":{"line":1024,"column":34087}},"299":{"start":{"line":1032,"column":12},"end":{"line":1032,"column":34337}},"300":{"start":{"line":1045,"column":12},"end":{"line":1045,"column":56}},"301":{"start":{"line":1046,"column":12},"end":{"line":1046,"column":55}},"302":{"start":{"line":1047,"column":12},"end":{"line":1047,"column":49}},"303":{"start":{"line":1050,"column":8},"end":{"line":1050,"column":64}},"304":{"start":{"line":1060,"column":8},"end":{"line":1060,"column":35148}},"305":{"start":{"line":1061,"column":12},"end":{"line":1061,"column":35172}},"306":{"start":{"line":1066,"column":12},"end":{"line":1066,"column":35328}},"307":{"start":{"line":1077,"column":8},"end":{"line":1077,"column":51}},"308":{"start":{"line":1081,"column":8},"end":{"line":1081,"column":35745}},"309":{"start":{"line":1089,"column":8},"end":{"line":1089,"column":30}},"310":{"start":{"line":1090,"column":8},"end":{"line":1090,"column":19}},"311":{"start":{"line":1094,"column":8},"end":{"line":1094,"column":45}},"312":{"start":{"line":1095,"column":8},"end":{"line":1095,"column":19}},"313":{"start":{"line":1099,"column":8},"end":{"line":1099,"column":36209}},"314":{"start":{"line":1103,"column":8},"end":{"line":1103,"column":19}},"315":{"start":{"line":1107,"column":8},"end":{"line":1107,"column":57}},"316":{"start":{"line":1108,"column":8},"end":{"line":1108,"column":19}},"317":{"start":{"line":1116,"column":8},"end":{"line":1116,"column":22}},"318":{"start":{"line":1117,"column":8},"end":{"line":1117,"column":36651}},"319":{"start":{"line":1118,"column":12},"end":{"line":1118,"column":36681}},"320":{"start":{"line":1122,"column":16},"end":{"line":1122,"column":31}},"321":{"start":{"line":1125,"column":12},"end":{"line":1125,"column":36914}},"322":{"start":{"line":1129,"column":16},"end":{"line":1129,"column":31}},"323":{"start":{"line":1132,"column":8},"end":{"line":1132,"column":24}},"324":{"start":{"line":1153,"column":8},"end":{"line":1153,"column":37506}}},"branchMap":{"1":{"line":193,"type":"if","locations":[{"start":{"line":193,"column":8},"end":{"line":193,"column":8}},{"start":{"line":193,"column":8},"end":{"line":193,"column":8}}]},"2":{"line":214,"type":"if","locations":[{"start":{"line":214,"column":8},"end":{"line":214,"column":8}},{"start":{"line":214,"column":8},"end":{"line":214,"column":8}}]},"3":{"line":220,"type":"if","locations":[{"start":{"line":220,"column":8},"end":{"line":220,"column":8}},{"start":{"line":220,"column":8},"end":{"line":220,"column":8}}]},"4":{"line":222,"type":"if","locations":[{"start":{"line":222,"column":15},"end":{"line":222,"column":15}},{"start":{"line":222,"column":15},"end":{"line":222,"column":15}}]},"5":{"line":226,"type":"if","locations":[{"start":{"line":226,"column":12},"end":{"line":226,"column":12}},{"start":{"line":226,"column":12},"end":{"line":226,"column":12}}]},"6":{"line":227,"type":"if","locations":[{"start":{"line":227,"column":17},"end":{"line":227,"column":17}},{"start":{"line":227,"column":17},"end":{"line":227,"column":17}}]},"7":{"line":228,"type":"if","locations":[{"start":{"line":228,"column":17},"end":{"line":228,"column":17}},{"start":{"line":228,"column":17},"end":{"line":228,"column":17}}]},"8":{"line":231,"type":"if","locations":[{"start":{"line":231,"column":8},"end":{"line":231,"column":8}},{"start":{"line":231,"column":8},"end":{"line":231,"column":8}}]},"9":{"line":260,"type":"if","locations":[{"start":{"line":260,"column":8},"end":{"line":260,"column":8}},{"start":{"line":260,"column":8},"end":{"line":260,"column":8}}]},"10":{"line":261,"type":"if","locations":[{"start":{"line":261,"column":12},"end":{"line":261,"column":12}},{"start":{"line":261,"column":12},"end":{"line":261,"column":12}}]},"11":{"line":266,"type":"if","locations":[{"start":{"line":266,"column":12},"end":{"line":266,"column":12}},{"start":{"line":266,"column":12},"end":{"line":266,"column":12}}]},"12":{"line":267,"type":"if","locations":[{"start":{"line":267,"column":16},"end":{"line":267,"column":16}},{"start":{"line":267,"column":16},"end":{"line":267,"column":16}}]},"13":{"line":319,"type":"if","locations":[{"start":{"line":319,"column":8},"end":{"line":319,"column":8}},{"start":{"line":319,"column":8},"end":{"line":319,"column":8}}]},"14":{"line":323,"type":"if","locations":[{"start":{"line":323,"column":12},"end":{"line":323,"column":12}},{"start":{"line":323,"column":12},"end":{"line":323,"column":12}}]},"15":{"line":324,"type":"if","locations":[{"start":{"line":324,"column":16},"end":{"line":324,"column":16}},{"start":{"line":324,"column":16},"end":{"line":324,"column":16}}]},"16":{"line":334,"type":"if","locations":[{"start":{"line":334,"column":8},"end":{"line":334,"column":8}},{"start":{"line":334,"column":8},"end":{"line":334,"column":8}}]},"17":{"line":339,"type":"if","locations":[{"start":{"line":339,"column":12},"end":{"line":339,"column":12}},{"start":{"line":339,"column":12},"end":{"line":339,"column":12}}]},"18":{"line":340,"type":"if","locations":[{"start":{"line":340,"column":16},"end":{"line":340,"column":16}},{"start":{"line":340,"column":16},"end":{"line":340,"column":16}}]},"19":{"line":349,"type":"if","locations":[{"start":{"line":349,"column":20},"end":{"line":349,"column":20}},{"start":{"line":349,"column":20},"end":{"line":349,"column":20}}]},"20":{"line":350,"type":"if","locations":[{"start":{"line":350,"column":24},"end":{"line":350,"column":24}},{"start":{"line":350,"column":24},"end":{"line":350,"column":24}}]},"21":{"line":362,"type":"if","locations":[{"start":{"line":362,"column":24},"end":{"line":362,"column":24}},{"start":{"line":362,"column":24},"end":{"line":362,"column":24}}]},"22":{"line":385,"type":"if","locations":[{"start":{"line":385,"column":8},"end":{"line":385,"column":8}},{"start":{"line":385,"column":8},"end":{"line":385,"column":8}}]},"23":{"line":390,"type":"if","locations":[{"start":{"line":390,"column":8},"end":{"line":390,"column":8}},{"start":{"line":390,"column":8},"end":{"line":390,"column":8}}]},"24":{"line":399,"type":"if","locations":[{"start":{"line":399,"column":8},"end":{"line":399,"column":8}},{"start":{"line":399,"column":8},"end":{"line":399,"column":8}}]},"25":{"line":451,"type":"if","locations":[{"start":{"line":451,"column":8},"end":{"line":451,"column":8}},{"start":{"line":451,"column":8},"end":{"line":451,"column":8}}]},"26":{"line":482,"type":"if","locations":[{"start":{"line":482,"column":8},"end":{"line":482,"column":8}},{"start":{"line":482,"column":8},"end":{"line":482,"column":8}}]},"27":{"line":493,"type":"if","locations":[{"start":{"line":493,"column":8},"end":{"line":493,"column":8}},{"start":{"line":493,"column":8},"end":{"line":493,"column":8}}]},"28":{"line":500,"type":"if","locations":[{"start":{"line":500,"column":8},"end":{"line":500,"column":8}},{"start":{"line":500,"column":8},"end":{"line":500,"column":8}}]},"29":{"line":501,"type":"if","locations":[{"start":{"line":501,"column":12},"end":{"line":501,"column":12}},{"start":{"line":501,"column":12},"end":{"line":501,"column":12}}]},"30":{"line":548,"type":"if","locations":[{"start":{"line":548,"column":8},"end":{"line":548,"column":8}},{"start":{"line":548,"column":8},"end":{"line":548,"column":8}}]},"31":{"line":556,"type":"if","locations":[{"start":{"line":556,"column":8},"end":{"line":556,"column":8}},{"start":{"line":556,"column":8},"end":{"line":556,"column":8}}]},"32":{"line":595,"type":"if","locations":[{"start":{"line":595,"column":8},"end":{"line":595,"column":8}},{"start":{"line":595,"column":8},"end":{"line":595,"column":8}}]},"33":{"line":605,"type":"if","locations":[{"start":{"line":605,"column":8},"end":{"line":605,"column":8}},{"start":{"line":605,"column":8},"end":{"line":605,"column":8}}]},"34":{"line":631,"type":"if","locations":[{"start":{"line":631,"column":8},"end":{"line":631,"column":8}},{"start":{"line":631,"column":8},"end":{"line":631,"column":8}}]},"35":{"line":660,"type":"if","locations":[{"start":{"line":660,"column":8},"end":{"line":660,"column":8}},{"start":{"line":660,"column":8},"end":{"line":660,"column":8}}]},"36":{"line":674,"type":"if","locations":[{"start":{"line":674,"column":8},"end":{"line":674,"column":8}},{"start":{"line":674,"column":8},"end":{"line":674,"column":8}}]},"37":{"line":677,"type":"if","locations":[{"start":{"line":677,"column":12},"end":{"line":677,"column":12}},{"start":{"line":677,"column":12},"end":{"line":677,"column":12}}]},"38":{"line":700,"type":"if","locations":[{"start":{"line":700,"column":8},"end":{"line":700,"column":8}},{"start":{"line":700,"column":8},"end":{"line":700,"column":8}}]},"39":{"line":701,"type":"if","locations":[{"start":{"line":701,"column":12},"end":{"line":701,"column":12}},{"start":{"line":701,"column":12},"end":{"line":701,"column":12}}]},"40":{"line":710,"type":"if","locations":[{"start":{"line":710,"column":12},"end":{"line":710,"column":12}},{"start":{"line":710,"column":12},"end":{"line":710,"column":12}}]},"41":{"line":732,"type":"if","locations":[{"start":{"line":732,"column":8},"end":{"line":732,"column":8}},{"start":{"line":732,"column":8},"end":{"line":732,"column":8}}]},"42":{"line":735,"type":"if","locations":[{"start":{"line":735,"column":8},"end":{"line":735,"column":8}},{"start":{"line":735,"column":8},"end":{"line":735,"column":8}}]},"43":{"line":745,"type":"if","locations":[{"start":{"line":745,"column":8},"end":{"line":745,"column":8}},{"start":{"line":745,"column":8},"end":{"line":745,"column":8}}]},"44":{"line":762,"type":"if","locations":[{"start":{"line":762,"column":8},"end":{"line":762,"column":8}},{"start":{"line":762,"column":8},"end":{"line":762,"column":8}}]},"45":{"line":765,"type":"if","locations":[{"start":{"line":765,"column":8},"end":{"line":765,"column":8}},{"start":{"line":765,"column":8},"end":{"line":765,"column":8}}]},"46":{"line":766,"type":"if","locations":[{"start":{"line":766,"column":12},"end":{"line":766,"column":12}},{"start":{"line":766,"column":12},"end":{"line":766,"column":12}}]},"47":{"line":767,"type":"if","locations":[{"start":{"line":767,"column":16},"end":{"line":767,"column":16}},{"start":{"line":767,"column":16},"end":{"line":767,"column":16}}]},"48":{"line":777,"type":"if","locations":[{"start":{"line":777,"column":12},"end":{"line":777,"column":12}},{"start":{"line":777,"column":12},"end":{"line":777,"column":12}}]},"49":{"line":793,"type":"if","locations":[{"start":{"line":793,"column":8},"end":{"line":793,"column":8}},{"start":{"line":793,"column":8},"end":{"line":793,"column":8}}]},"50":{"line":804,"type":"if","locations":[{"start":{"line":804,"column":8},"end":{"line":804,"column":8}},{"start":{"line":804,"column":8},"end":{"line":804,"column":8}}]},"51":{"line":818,"type":"if","locations":[{"start":{"line":818,"column":8},"end":{"line":818,"column":8}},{"start":{"line":818,"column":8},"end":{"line":818,"column":8}}]},"52":{"line":825,"type":"if","locations":[{"start":{"line":825,"column":8},"end":{"line":825,"column":8}},{"start":{"line":825,"column":8},"end":{"line":825,"column":8}}]},"53":{"line":826,"type":"if","locations":[{"start":{"line":826,"column":12},"end":{"line":826,"column":12}},{"start":{"line":826,"column":12},"end":{"line":826,"column":12}}]},"54":{"line":827,"type":"if","locations":[{"start":{"line":827,"column":12},"end":{"line":827,"column":12}},{"start":{"line":827,"column":12},"end":{"line":827,"column":12}}]},"55":{"line":830,"type":"if","locations":[{"start":{"line":830,"column":12},"end":{"line":830,"column":12}},{"start":{"line":830,"column":12},"end":{"line":830,"column":12}}]},"56":{"line":837,"type":"if","locations":[{"start":{"line":837,"column":16},"end":{"line":837,"column":16}},{"start":{"line":837,"column":16},"end":{"line":837,"column":16}}]},"57":{"line":855,"type":"if","locations":[{"start":{"line":855,"column":12},"end":{"line":855,"column":12}},{"start":{"line":855,"column":12},"end":{"line":855,"column":12}}]},"58":{"line":856,"type":"if","locations":[{"start":{"line":856,"column":12},"end":{"line":856,"column":12}},{"start":{"line":856,"column":12},"end":{"line":856,"column":12}}]},"59":{"line":859,"type":"if","locations":[{"start":{"line":859,"column":12},"end":{"line":859,"column":12}},{"start":{"line":859,"column":12},"end":{"line":859,"column":12}}]},"60":{"line":866,"type":"if","locations":[{"start":{"line":866,"column":16},"end":{"line":866,"column":16}},{"start":{"line":866,"column":16},"end":{"line":866,"column":16}}]},"61":{"line":867,"type":"if","locations":[{"start":{"line":867,"column":20},"end":{"line":867,"column":20}},{"start":{"line":867,"column":20},"end":{"line":867,"column":20}}]},"62":{"line":898,"type":"if","locations":[{"start":{"line":898,"column":8},"end":{"line":898,"column":8}},{"start":{"line":898,"column":8},"end":{"line":898,"column":8}}]},"63":{"line":905,"type":"if","locations":[{"start":{"line":905,"column":8},"end":{"line":905,"column":8}},{"start":{"line":905,"column":8},"end":{"line":905,"column":8}}]},"64":{"line":907,"type":"if","locations":[{"start":{"line":907,"column":8},"end":{"line":907,"column":8}},{"start":{"line":907,"column":8},"end":{"line":907,"column":8}}]},"65":{"line":911,"type":"if","locations":[{"start":{"line":911,"column":12},"end":{"line":911,"column":12}},{"start":{"line":911,"column":12},"end":{"line":911,"column":12}}]},"66":{"line":927,"type":"if","locations":[{"start":{"line":927,"column":8},"end":{"line":927,"column":8}},{"start":{"line":927,"column":8},"end":{"line":927,"column":8}}]},"67":{"line":969,"type":"if","locations":[{"start":{"line":969,"column":8},"end":{"line":969,"column":8}},{"start":{"line":969,"column":8},"end":{"line":969,"column":8}}]},"68":{"line":979,"type":"if","locations":[{"start":{"line":979,"column":8},"end":{"line":979,"column":8}},{"start":{"line":979,"column":8},"end":{"line":979,"column":8}}]},"69":{"line":995,"type":"if","locations":[{"start":{"line":995,"column":8},"end":{"line":995,"column":8}},{"start":{"line":995,"column":8},"end":{"line":995,"column":8}}]},"70":{"line":1014,"type":"if","locations":[{"start":{"line":1014,"column":8},"end":{"line":1014,"column":8}},{"start":{"line":1014,"column":8},"end":{"line":1014,"column":8}}]},"71":{"line":1022,"type":"if","locations":[{"start":{"line":1022,"column":8},"end":{"line":1022,"column":8}},{"start":{"line":1022,"column":8},"end":{"line":1022,"column":8}}]},"72":{"line":1060,"type":"if","locations":[{"start":{"line":1060,"column":8},"end":{"line":1060,"column":8}},{"start":{"line":1060,"column":8},"end":{"line":1060,"column":8}}]},"73":{"line":1089,"type":"if","locations":[{"start":{"line":1089,"column":8},"end":{"line":1089,"column":8}},{"start":{"line":1089,"column":8},"end":{"line":1089,"column":8}}]},"74":{"line":1094,"type":"if","locations":[{"start":{"line":1094,"column":8},"end":{"line":1094,"column":8}},{"start":{"line":1094,"column":8},"end":{"line":1094,"column":8}}]},"75":{"line":1099,"type":"if","locations":[{"start":{"line":1099,"column":8},"end":{"line":1099,"column":8}},{"start":{"line":1099,"column":8},"end":{"line":1099,"column":8}}]},"76":{"line":1107,"type":"if","locations":[{"start":{"line":1107,"column":8},"end":{"line":1107,"column":8}},{"start":{"line":1107,"column":8},"end":{"line":1107,"column":8}}]},"77":{"line":1117,"type":"if","locations":[{"start":{"line":1117,"column":8},"end":{"line":1117,"column":8}},{"start":{"line":1117,"column":8},"end":{"line":1117,"column":8}}]},"78":{"line":1118,"type":"if","locations":[{"start":{"line":1118,"column":12},"end":{"line":1118,"column":12}},{"start":{"line":1118,"column":12},"end":{"line":1118,"column":12}}]},"79":{"line":1125,"type":"if","locations":[{"start":{"line":1125,"column":12},"end":{"line":1125,"column":12}},{"start":{"line":1125,"column":12},"end":{"line":1125,"column":12}}]}}},"contracts/BridgePool.sol":{"l":{"60":3,"61":3,"64":8,"68":7,"71":29,"72":27,"76":195,"77":195,"81":41,"82":40,"83":40,"84":40,"88":7,"89":6,"93":5,"94":5,"95":5,"99":2,"100":2,"101":1,"105":3,"106":3,"107":2,"111":1,"112":1,"113":1,"120":0,"121":0,"122":0,"123":0,"128":0,"136":7,"137":7,"138":5,"139":5,"140":1,"142":4,"143":4,"150":5,"158":5,"159":5,"160":5,"169":3,"170":2,"174":2,"175":2,"176":2,"180":2,"188":2,"189":1,"190":1,"191":0,"193":1,"194":1,"197":1,"199":1,"203":1,"207":1,"209":1,"210":1,"211":1,"212":1,"213":1,"214":1,"215":1,"216":1,"224":1,"225":1,"226":1,"227":1,"228":0,"230":1,"231":1,"233":1,"239":1,"240":1,"241":1,"243":0,"244":0,"245":0,"248":0,"250":1,"254":1,"255":1,"264":2,"268":2,"269":2,"270":0,"271":0,"273":0,"274":0,"275":0,"278":2,"281":2,"288":4,"289":1,"290":1,"291":1,"293":0,"296":3,"297":3,"298":3,"299":3,"300":3,"301":3,"303":0,"313":2,"314":2,"315":0,"317":2,"318":2,"323":3,"331":0,"335":53,"336":51},"path":"/home/pelumi/Desktop/WK/bridgeContract/contracts/BridgePool.sol","s":{"1":3,"2":8,"3":29,"4":195,"5":195,"6":41,"7":40,"8":40,"9":40,"10":7,"11":6,"12":5,"13":5,"14":5,"15":2,"16":2,"17":1,"18":3,"19":3,"20":2,"21":1,"22":1,"23":1,"24":0,"25":0,"26":0,"27":0,"28":0,"29":7,"30":7,"31":5,"32":5,"33":1,"34":4,"35":4,"36":5,"37":5,"38":5,"39":3,"40":2,"41":2,"42":2,"43":2,"44":2,"45":2,"46":1,"47":1,"48":0,"49":1,"50":1,"51":1,"52":1,"53":1,"54":1,"55":1,"56":1,"57":1,"58":1,"59":1,"60":1,"61":1,"62":1,"63":1,"64":1,"65":1,"66":1,"67":0,"68":1,"69":1,"70":1,"71":1,"72":1,"73":1,"74":0,"75":0,"76":0,"77":0,"78":1,"79":1,"80":1,"81":2,"82":2,"83":2,"84":0,"85":0,"86":0,"87":0,"88":0,"89":2,"90":2,"91":4,"92":1,"93":1,"94":1,"95":0,"96":3,"97":3,"98":3,"99":3,"100":3,"101":3,"102":0,"103":2,"104":2,"105":0,"106":2,"107":2,"108":3,"109":0,"110":53,"111":51},"b":{"1":[3,0],"2":[7,1],"3":[27,2],"4":[195,0],"5":[40,0],"6":[5,1],"7":[1,1],"8":[2,1],"9":[1,1],"10":[0,0],"11":[0,0],"12":[7,0],"13":[5,2],"14":[1,4],"15":[2,1],"16":[2,0],"17":[1,1],"18":[0,1],"19":[1,0],"20":[1,0],"21":[1,0],"22":[1,0],"23":[1,0],"24":[0,1],"25":[1,0],"26":[1,0],"27":[1,0],"28":[1,0],"29":[2,0],"30":[0,2],"31":[0,0],"32":[1,3],"33":[1,0],"34":[3,0],"35":[2,0],"36":[0,2],"37":[51,2]},"f":{"1":3,"2":8,"3":29,"4":195,"5":41,"6":7,"7":2,"8":3,"9":0,"10":7,"11":3,"12":2,"13":1,"14":2,"15":4,"16":2,"17":3,"18":0,"19":53},"fnMap":{"1":{"name":"onlyBridge","line":59,"loc":{"start":{"line":59,"column":4},"end":{"line":62,"column":4}}},"2":{"name":"onlyAuthorized","line":63,"loc":{"start":{"line":63,"column":4},"end":{"line":69,"column":4}}},"3":{"name":"poolInitialized","line":70,"loc":{"start":{"line":70,"column":4},"end":{"line":73,"column":4}}},"4":{"name":"constructor","line":75,"loc":{"start":{"line":75,"column":4},"end":{"line":78,"column":4}}},"5":{"name":"initializePool","line":80,"loc":{"start":{"line":80,"column":4},"end":{"line":85,"column":4}}},"6":{"name":"innitiateBridgeUpdate","line":87,"loc":{"start":{"line":87,"column":4},"end":{"line":96,"column":4}}},"7":{"name":"suspendBridgeUpdate","line":98,"loc":{"start":{"line":98,"column":4},"end":{"line":102,"column":4}}},"8":{"name":"activateNewBridge","line":104,"loc":{"start":{"line":104,"column":4},"end":{"line":114,"column":4}}},"9":{"name":"updatePoolDebtThreshold","line":118,"loc":{"start":{"line":116,"column":4},"end":{"line":129,"column":4}}},"10":{"name":"createPool","line":134,"loc":{"start":{"line":131,"column":4},"end":{"line":161,"column":4}}},"11":{"name":"deposit","line":167,"loc":{"start":{"line":163,"column":4},"end":{"line":181,"column":4}}},"12":{"name":"withdraw","line":186,"loc":{"start":{"line":183,"column":4},"end":{"line":217,"column":4}}},"13":{"name":"sendOut","line":222,"loc":{"start":{"line":219,"column":4},"end":{"line":256,"column":4}}},"14":{"name":"topUp","line":262,"loc":{"start":{"line":258,"column":4},"end":{"line":282,"column":4}}},"15":{"name":"processedPayment","line":284,"loc":{"start":{"line":284,"column":4},"end":{"line":306,"column":4}}},"16":{"name":"payoutUser","line":308,"loc":{"start":{"line":308,"column":4},"end":{"line":320,"column":4}}},"17":{"name":"validPool","line":322,"loc":{"start":{"line":322,"column":4},"end":{"line":324,"column":4}}},"18":{"name":"getWrappedAsset","line":326,"loc":{"start":{"line":326,"column":4},"end":{"line":332,"column":4}}},"19":{"name":"isOwner","line":334,"loc":{"start":{"line":334,"column":4},"end":{"line":337,"column":4}}}},"statementMap":{"1":{"start":{"line":60,"column":8},"end":{"line":60,"column":62}},"2":{"start":{"line":64,"column":8},"end":{"line":64,"column":1922}},"3":{"start":{"line":71,"column":8},"end":{"line":71,"column":51}},"4":{"start":{"line":76,"column":8},"end":{"line":76,"column":70}},"5":{"start":{"line":77,"column":8},"end":{"line":77,"column":31}},"6":{"start":{"line":81,"column":8},"end":{"line":81,"column":16}},"7":{"start":{"line":82,"column":8},"end":{"line":82,"column":59}},"8":{"start":{"line":83,"column":8},"end":{"line":83,"column":23}},"9":{"start":{"line":84,"column":8},"end":{"line":84,"column":25}},"10":{"start":{"line":88,"column":8},"end":{"line":88,"column":16}},"11":{"start":{"line":89,"column":8},"end":{"line":89,"column":2636}},"12":{"start":{"line":93,"column":8},"end":{"line":93,"column":32}},"13":{"start":{"line":94,"column":8},"end":{"line":94,"column":55}},"14":{"start":{"line":95,"column":8},"end":{"line":95,"column":49}},"15":{"start":{"line":99,"column":8},"end":{"line":99,"column":16}},"16":{"start":{"line":100,"column":8},"end":{"line":100,"column":72}},"17":{"start":{"line":101,"column":8},"end":{"line":101,"column":33}},"18":{"start":{"line":105,"column":8},"end":{"line":105,"column":16}},"19":{"start":{"line":106,"column":8},"end":{"line":106,"column":72}},"20":{"start":{"line":107,"column":8},"end":{"line":107,"column":3253}},"21":{"start":{"line":111,"column":8},"end":{"line":111,"column":54}},"22":{"start":{"line":112,"column":8},"end":{"line":112,"column":29}},"23":{"start":{"line":113,"column":8},"end":{"line":113,"column":33}},"24":{"start":{"line":120,"column":8},"end":{"line":120,"column":16}},"25":{"start":{"line":121,"column":8},"end":{"line":121,"column":56}},"26":{"start":{"line":122,"column":8},"end":{"line":122,"column":49}},"27":{"start":{"line":123,"column":8},"end":{"line":123,"column":3779}},"28":{"start":{"line":128,"column":8},"end":{"line":128,"column":55}},"29":{"start":{"line":136,"column":8},"end":{"line":136,"column":65}},"30":{"start":{"line":137,"column":8},"end":{"line":137,"column":49}},"31":{"start":{"line":138,"column":8},"end":{"line":138,"column":33}},"32":{"start":{"line":139,"column":8},"end":{"line":139,"column":4281}},"33":{"start":{"line":140,"column":12},"end":{"line":140,"column":64}},"34":{"start":{"line":142,"column":12},"end":{"line":142,"column":62}},"35":{"start":{"line":143,"column":12},"end":{"line":143,"column":4478}},"36":{"start":{"line":150,"column":8},"end":{"line":150,"column":4668}},"37":{"start":{"line":158,"column":8},"end":{"line":158,"column":38}},"38":{"start":{"line":160,"column":8},"end":{"line":160,"column":60}},"39":{"start":{"line":169,"column":8},"end":{"line":169,"column":56}},"40":{"start":{"line":170,"column":8},"end":{"line":170,"column":5169}},"41":{"start":{"line":174,"column":8},"end":{"line":174,"column":52}},"42":{"start":{"line":175,"column":8},"end":{"line":175,"column":53}},"43":{"start":{"line":176,"column":8},"end":{"line":176,"column":5401}},"44":{"start":{"line":180,"column":8},"end":{"line":180,"column":56}},"45":{"start":{"line":188,"column":8},"end":{"line":188,"column":56}},"46":{"start":{"line":189,"column":8},"end":{"line":189,"column":23}},"47":{"start":{"line":190,"column":8},"end":{"line":190,"column":5798}},"48":{"start":{"line":191,"column":12},"end":{"line":191,"column":40}},"49":{"start":{"line":193,"column":12},"end":{"line":193,"column":46}},"50":{"start":{"line":194,"column":12},"end":{"line":194,"column":51}},"51":{"start":{"line":197,"column":8},"end":{"line":197,"column":69}},"52":{"start":{"line":199,"column":8},"end":{"line":199,"column":6084}},"53":{"start":{"line":203,"column":8},"end":{"line":203,"column":6224}},"54":{"start":{"line":207,"column":8},"end":{"line":207,"column":6374}},"55":{"start":{"line":209,"column":8},"end":{"line":209,"column":73}},"56":{"start":{"line":210,"column":8},"end":{"line":210,"column":68}},"57":{"start":{"line":211,"column":8},"end":{"line":211,"column":55}},"58":{"start":{"line":212,"column":8},"end":{"line":212,"column":61}},"59":{"start":{"line":213,"column":8},"end":{"line":213,"column":74}},"60":{"start":{"line":214,"column":8},"end":{"line":214,"column":69}},"61":{"start":{"line":215,"column":8},"end":{"line":215,"column":53}},"62":{"start":{"line":216,"column":8},"end":{"line":216,"column":70}},"63":{"start":{"line":224,"column":8},"end":{"line":224,"column":47}},"64":{"start":{"line":225,"column":8},"end":{"line":225,"column":56}},"65":{"start":{"line":226,"column":8},"end":{"line":226,"column":23}},"66":{"start":{"line":227,"column":8},"end":{"line":227,"column":7281}},"67":{"start":{"line":228,"column":12},"end":{"line":228,"column":42}},"68":{"start":{"line":230,"column":12},"end":{"line":230,"column":46}},"69":{"start":{"line":231,"column":12},"end":{"line":231,"column":51}},"70":{"start":{"line":233,"column":8},"end":{"line":233,"column":7496}},"71":{"start":{"line":239,"column":8},"end":{"line":239,"column":7698}},"72":{"start":{"line":240,"column":12},"end":{"line":240,"column":7753}},"73":{"start":{"line":241,"column":16},"end":{"line":241,"column":52}},"74":{"start":{"line":243,"column":16},"end":{"line":243,"column":68}},"75":{"start":{"line":244,"column":16},"end":{"line":244,"column":47}},"76":{"start":{"line":245,"column":16},"end":{"line":245,"column":46}},"77":{"start":{"line":248,"column":12},"end":{"line":248,"column":44}},"78":{"start":{"line":250,"column":8},"end":{"line":250,"column":8135}},"79":{"start":{"line":254,"column":8},"end":{"line":254,"column":57}},"80":{"start":{"line":255,"column":8},"end":{"line":255,"column":56}},"81":{"start":{"line":264,"column":8},"end":{"line":264,"column":8535}},"82":{"start":{"line":268,"column":8},"end":{"line":268,"column":67}},"83":{"start":{"line":269,"column":8},"end":{"line":269,"column":8726}},"84":{"start":{"line":270,"column":12},"end":{"line":270,"column":8777}},"85":{"start":{"line":271,"column":16},"end":{"line":271,"column":56}},"86":{"start":{"line":273,"column":16},"end":{"line":273,"column":76}},"87":{"start":{"line":274,"column":16},"end":{"line":274,"column":55}},"88":{"start":{"line":275,"column":16},"end":{"line":275,"column":42}},"89":{"start":{"line":278,"column":12},"end":{"line":278,"column":56}},"90":{"start":{"line":281,"column":8},"end":{"line":281,"column":54}},"91":{"start":{"line":288,"column":8},"end":{"line":288,"column":9378}},"92":{"start":{"line":289,"column":12},"end":{"line":289,"column":9428}},"93":{"start":{"line":290,"column":16},"end":{"line":290,"column":41}},"94":{"start":{"line":291,"column":16},"end":{"line":291,"column":36}},"95":{"start":{"line":293,"column":16},"end":{"line":293,"column":33}},"96":{"start":{"line":296,"column":12},"end":{"line":296,"column":47}},"97":{"start":{"line":297,"column":12},"end":{"line":297,"column":9684}},"98":{"start":{"line":298,"column":16},"end":{"line":298,"column":70}},"99":{"start":{"line":299,"column":16},"end":{"line":299,"column":74}},"100":{"start":{"line":300,"column":16},"end":{"line":300,"column":69}},"101":{"start":{"line":301,"column":16},"end":{"line":301,"column":59}},"102":{"start":{"line":303,"column":16},"end":{"line":303,"column":33}},"103":{"start":{"line":313,"column":8},"end":{"line":313,"column":48}},"104":{"start":{"line":314,"column":8},"end":{"line":314,"column":10300}},"105":{"start":{"line":315,"column":12},"end":{"line":315,"column":37}},"106":{"start":{"line":317,"column":12},"end":{"line":317,"column":64}},"107":{"start":{"line":318,"column":12},"end":{"line":318,"column":63}},"108":{"start":{"line":323,"column":8},"end":{"line":323,"column":39}},"109":{"start":{"line":331,"column":8},"end":{"line":331,"column":46}},"110":{"start":{"line":335,"column":8},"end":{"line":335,"column":57}},"111":{"start":{"line":336,"column":8},"end":{"line":336,"column":19}}},"branchMap":{"1":{"line":60,"type":"if","locations":[{"start":{"line":60,"column":8},"end":{"line":60,"column":8}},{"start":{"line":60,"column":8},"end":{"line":60,"column":8}}]},"2":{"line":64,"type":"if","locations":[{"start":{"line":64,"column":8},"end":{"line":64,"column":8}},{"start":{"line":64,"column":8},"end":{"line":64,"column":8}}]},"3":{"line":71,"type":"if","locations":[{"start":{"line":71,"column":8},"end":{"line":71,"column":8}},{"start":{"line":71,"column":8},"end":{"line":71,"column":8}}]},"4":{"line":76,"type":"if","locations":[{"start":{"line":76,"column":8},"end":{"line":76,"column":8}},{"start":{"line":76,"column":8},"end":{"line":76,"column":8}}]},"5":{"line":82,"type":"if","locations":[{"start":{"line":82,"column":8},"end":{"line":82,"column":8}},{"start":{"line":82,"column":8},"end":{"line":82,"column":8}}]},"6":{"line":89,"type":"if","locations":[{"start":{"line":89,"column":8},"end":{"line":89,"column":8}},{"start":{"line":89,"column":8},"end":{"line":89,"column":8}}]},"7":{"line":100,"type":"if","locations":[{"start":{"line":100,"column":8},"end":{"line":100,"column":8}},{"start":{"line":100,"column":8},"end":{"line":100,"column":8}}]},"8":{"line":106,"type":"if","locations":[{"start":{"line":106,"column":8},"end":{"line":106,"column":8}},{"start":{"line":106,"column":8},"end":{"line":106,"column":8}}]},"9":{"line":107,"type":"if","locations":[{"start":{"line":107,"column":8},"end":{"line":107,"column":8}},{"start":{"line":107,"column":8},"end":{"line":107,"column":8}}]},"10":{"line":121,"type":"if","locations":[{"start":{"line":121,"column":8},"end":{"line":121,"column":8}},{"start":{"line":121,"column":8},"end":{"line":121,"column":8}}]},"11":{"line":122,"type":"if","locations":[{"start":{"line":122,"column":8},"end":{"line":122,"column":8}},{"start":{"line":122,"column":8},"end":{"line":122,"column":8}}]},"12":{"line":136,"type":"if","locations":[{"start":{"line":136,"column":8},"end":{"line":136,"column":8}},{"start":{"line":136,"column":8},"end":{"line":136,"column":8}}]},"13":{"line":137,"type":"if","locations":[{"start":{"line":137,"column":8},"end":{"line":137,"column":8}},{"start":{"line":137,"column":8},"end":{"line":137,"column":8}}]},"14":{"line":139,"type":"if","locations":[{"start":{"line":139,"column":8},"end":{"line":139,"column":8}},{"start":{"line":139,"column":8},"end":{"line":139,"column":8}}]},"15":{"line":169,"type":"if","locations":[{"start":{"line":169,"column":8},"end":{"line":169,"column":8}},{"start":{"line":169,"column":8},"end":{"line":169,"column":8}}]},"16":{"line":174,"type":"if","locations":[{"start":{"line":174,"column":8},"end":{"line":174,"column":8}},{"start":{"line":174,"column":8},"end":{"line":174,"column":8}}]},"17":{"line":188,"type":"if","locations":[{"start":{"line":188,"column":8},"end":{"line":188,"column":8}},{"start":{"line":188,"column":8},"end":{"line":188,"column":8}}]},"18":{"line":190,"type":"if","locations":[{"start":{"line":190,"column":8},"end":{"line":190,"column":8}},{"start":{"line":190,"column":8},"end":{"line":190,"column":8}}]},"19":{"line":199,"type":"if","locations":[{"start":{"line":199,"column":8},"end":{"line":199,"column":8}},{"start":{"line":199,"column":8},"end":{"line":199,"column":8}}]},"20":{"line":203,"type":"if","locations":[{"start":{"line":203,"column":8},"end":{"line":203,"column":8}},{"start":{"line":203,"column":8},"end":{"line":203,"column":8}}]},"21":{"line":211,"type":"if","locations":[{"start":{"line":211,"column":8},"end":{"line":211,"column":8}},{"start":{"line":211,"column":8},"end":{"line":211,"column":8}}]},"22":{"line":224,"type":"if","locations":[{"start":{"line":224,"column":8},"end":{"line":224,"column":8}},{"start":{"line":224,"column":8},"end":{"line":224,"column":8}}]},"23":{"line":225,"type":"if","locations":[{"start":{"line":225,"column":8},"end":{"line":225,"column":8}},{"start":{"line":225,"column":8},"end":{"line":225,"column":8}}]},"24":{"line":227,"type":"if","locations":[{"start":{"line":227,"column":8},"end":{"line":227,"column":8}},{"start":{"line":227,"column":8},"end":{"line":227,"column":8}}]},"25":{"line":233,"type":"if","locations":[{"start":{"line":233,"column":8},"end":{"line":233,"column":8}},{"start":{"line":233,"column":8},"end":{"line":233,"column":8}}]},"26":{"line":239,"type":"if","locations":[{"start":{"line":239,"column":8},"end":{"line":239,"column":8}},{"start":{"line":239,"column":8},"end":{"line":239,"column":8}}]},"27":{"line":240,"type":"if","locations":[{"start":{"line":240,"column":12},"end":{"line":240,"column":12}},{"start":{"line":240,"column":12},"end":{"line":240,"column":12}}]},"28":{"line":250,"type":"if","locations":[{"start":{"line":250,"column":8},"end":{"line":250,"column":8}},{"start":{"line":250,"column":8},"end":{"line":250,"column":8}}]},"29":{"line":268,"type":"if","locations":[{"start":{"line":268,"column":8},"end":{"line":268,"column":8}},{"start":{"line":268,"column":8},"end":{"line":268,"column":8}}]},"30":{"line":269,"type":"if","locations":[{"start":{"line":269,"column":8},"end":{"line":269,"column":8}},{"start":{"line":269,"column":8},"end":{"line":269,"column":8}}]},"31":{"line":270,"type":"if","locations":[{"start":{"line":270,"column":12},"end":{"line":270,"column":12}},{"start":{"line":270,"column":12},"end":{"line":270,"column":12}}]},"32":{"line":288,"type":"if","locations":[{"start":{"line":288,"column":8},"end":{"line":288,"column":8}},{"start":{"line":288,"column":8},"end":{"line":288,"column":8}}]},"33":{"line":289,"type":"if","locations":[{"start":{"line":289,"column":12},"end":{"line":289,"column":12}},{"start":{"line":289,"column":12},"end":{"line":289,"column":12}}]},"34":{"line":297,"type":"if","locations":[{"start":{"line":297,"column":12},"end":{"line":297,"column":12}},{"start":{"line":297,"column":12},"end":{"line":297,"column":12}}]},"35":{"line":313,"type":"if","locations":[{"start":{"line":313,"column":8},"end":{"line":313,"column":8}},{"start":{"line":313,"column":8},"end":{"line":313,"column":8}}]},"36":{"line":314,"type":"if","locations":[{"start":{"line":314,"column":8},"end":{"line":314,"column":8}},{"start":{"line":314,"column":8},"end":{"line":314,"column":8}}]},"37":{"line":335,"type":"if","locations":[{"start":{"line":335,"column":8},"end":{"line":335,"column":8}},{"start":{"line":335,"column":8},"end":{"line":335,"column":8}}]}}},"contracts/bridgeSocket.sol":{"l":{"43":3,"44":2,"48":0,"49":0,"53":0,"54":0,"58":0,"59":0,"63":2,"64":2,"66":2,"67":2,"69":0,"71":0,"72":0,"77":2,"78":2,"80":2,"81":2,"83":0,"87":0,"88":0,"90":0,"91":0,"100":0,"101":0,"103":0,"104":0,"106":0,"108":0,"109":0,"114":0,"118":0,"126":0,"127":0,"129":0,"130":0,"132":0,"134":0,"135":0,"137":0,"146":0,"150":0,"151":0,"153":0,"163":2,"164":2,"170":2,"171":2,"172":2,"173":2,"174":2,"175":0,"182":2,"183":2,"184":2,"192":0,"199":2,"213":2,"214":2,"215":2,"216":2,"217":2,"226":2,"227":2,"228":0,"229":0,"231":0,"233":0,"236":2,"237":2,"241":2,"242":2,"243":2,"244":2,"246":0,"256":2,"257":2,"258":0,"260":2,"261":2,"266":2,"267":2,"268":2,"272":4,"273":4,"274":4,"275":4,"279":3,"285":2,"293":5,"299":5,"300":5,"301":5,"302":5,"303":5},"path":"/home/pelumi/Desktop/WK/bridgeContract/contracts/bridgeSocket.sol","s":{"1":3,"2":0,"3":0,"4":0,"5":0,"6":0,"7":0,"8":2,"9":2,"10":2,"11":2,"12":0,"13":0,"14":0,"15":0,"16":2,"17":2,"18":2,"19":2,"20":0,"21":0,"22":0,"23":0,"24":0,"25":0,"26":0,"27":0,"28":0,"29":0,"30":0,"31":0,"32":0,"33":0,"34":0,"35":0,"36":0,"37":0,"38":0,"39":0,"40":0,"41":0,"42":0,"43":0,"44":0,"45":0,"46":0,"47":0,"48":2,"49":2,"50":2,"51":2,"52":2,"53":2,"54":2,"55":0,"56":2,"57":2,"58":2,"59":0,"60":2,"61":2,"62":2,"63":2,"64":2,"65":2,"66":2,"67":2,"68":0,"69":0,"70":0,"71":0,"72":2,"73":2,"74":2,"75":2,"76":2,"77":2,"78":0,"79":2,"80":2,"81":0,"82":2,"83":2,"84":2,"85":2,"86":2,"87":4,"88":4,"89":4,"90":4,"91":3,"92":2,"93":5,"94":5,"95":5,"96":5,"97":5,"98":5},"b":{"1":[2,1],"2":[2,0],"3":[0,0],"4":[2,0],"5":[0,0],"6":[0,0],"7":[0,0],"8":[0,0],"9":[0,0],"10":[0,0],"11":[2,0],"12":[2,0],"13":[2,0],"14":[0,2],"15":[0,2],"16":[0,0],"17":[2,0],"18":[2,0],"19":[0,2],"20":[2,0],"21":[4,0],"22":[4,0],"23":[2,1],"24":[5,0]},"f":{"1":3,"2":0,"3":0,"4":0,"5":2,"6":2,"7":0,"8":0,"9":0,"10":0,"11":0,"12":0,"13":0,"14":2,"15":2,"16":2,"17":2,"18":2,"19":4,"20":3,"21":5},"fnMap":{"1":{"name":"notPaused","line":42,"loc":{"start":{"line":42,"column":4},"end":{"line":45,"column":4}}},"2":{"name":"getNativeAssetCount","line":47,"loc":{"start":{"line":47,"column":4},"end":{"line":50,"column":4}}},"3":{"name":"getForiegnAssetCount","line":52,"loc":{"start":{"line":52,"column":4},"end":{"line":55,"column":4}}},"4":{"name":"getDirectswapAssetCount","line":57,"loc":{"start":{"line":57,"column":4},"end":{"line":60,"column":4}}},"5":{"name":"validAsset","line":62,"loc":{"start":{"line":62,"column":4},"end":{"line":74,"column":4}}},"6":{"name":"isNativeAsset","line":76,"loc":{"start":{"line":76,"column":4},"end":{"line":84,"column":4}}},"7":{"name":"isForiegnAsset","line":86,"loc":{"start":{"line":86,"column":4},"end":{"line":93,"column":4}}},"8":{"name":"getAssetLimits","line":95,"loc":{"start":{"line":95,"column":4},"end":{"line":111,"column":4}}},"9":{"name":"getSupportedChainIDs","line":113,"loc":{"start":{"line":113,"column":4},"end":{"line":115,"column":4}}},"10":{"name":"isSupportedChain","line":117,"loc":{"start":{"line":117,"column":4},"end":{"line":119,"column":4}}},"11":{"name":"getAsset","line":121,"loc":{"start":{"line":121,"column":4},"end":{"line":139,"column":4}}},"12":{"name":"getTransactionGas","line":141,"loc":{"start":{"line":141,"column":4},"end":{"line":147,"column":4}}},"13":{"name":"getTransactionFee","line":149,"loc":{"start":{"line":149,"column":4},"end":{"line":155,"column":4}}},"14":{"name":"bridgeAsset","line":162,"loc":{"start":{"line":157,"column":4},"end":{"line":207,"column":4}}},"15":{"name":"processFees","line":209,"loc":{"start":{"line":209,"column":4},"end":{"line":218,"column":4}}},"16":{"name":"processTransaction","line":220,"loc":{"start":{"line":220,"column":4},"end":{"line":249,"column":4}}},"17":{"name":"payoutUser","line":251,"loc":{"start":{"line":251,"column":4},"end":{"line":263,"column":4}}},"18":{"name":"updateFee","line":265,"loc":{"start":{"line":265,"column":4},"end":{"line":269,"column":4}}},"19":{"name":"updateFeeRemitance","line":271,"loc":{"start":{"line":271,"column":4},"end":{"line":276,"column":4}}},"20":{"name":"pauseSocket","line":278,"loc":{"start":{"line":278,"column":4},"end":{"line":286,"column":4}}},"21":{"name":"updateSocket","line":292,"loc":{"start":{"line":288,"column":4},"end":{"line":308,"column":4}}}},"statementMap":{"1":{"start":{"line":43,"column":8},"end":{"line":43,"column":40}},"2":{"start":{"line":48,"column":8},"end":{"line":48,"column":63}},"3":{"start":{"line":49,"column":8},"end":{"line":49,"column":31}},"4":{"start":{"line":53,"column":8},"end":{"line":53,"column":64}},"5":{"start":{"line":54,"column":8},"end":{"line":54,"column":32}},"6":{"start":{"line":58,"column":8},"end":{"line":58,"column":63}},"7":{"start":{"line":59,"column":8},"end":{"line":59,"column":31}},"8":{"start":{"line":63,"column":8},"end":{"line":63,"column":41}},"9":{"start":{"line":64,"column":8},"end":{"line":64,"column":55}},"10":{"start":{"line":66,"column":8},"end":{"line":66,"column":2066}},"11":{"start":{"line":67,"column":12},"end":{"line":67,"column":23}},"12":{"start":{"line":69,"column":8},"end":{"line":69,"column":56}},"13":{"start":{"line":71,"column":8},"end":{"line":71,"column":2214}},"14":{"start":{"line":72,"column":12},"end":{"line":72,"column":23}},"15":{"start":{"line":73,"column":15},"end":{"line":73,"column":27}},"16":{"start":{"line":77,"column":8},"end":{"line":77,"column":41}},"17":{"start":{"line":78,"column":8},"end":{"line":78,"column":55}},"18":{"start":{"line":80,"column":8},"end":{"line":80,"column":2470}},"19":{"start":{"line":81,"column":12},"end":{"line":81,"column":23}},"20":{"start":{"line":83,"column":8},"end":{"line":83,"column":20}},"21":{"start":{"line":87,"column":8},"end":{"line":87,"column":41}},"22":{"start":{"line":88,"column":8},"end":{"line":88,"column":56}},"23":{"start":{"line":90,"column":8},"end":{"line":90,"column":2769}},"24":{"start":{"line":91,"column":12},"end":{"line":91,"column":23}},"25":{"start":{"line":92,"column":15},"end":{"line":92,"column":27}},"26":{"start":{"line":100,"column":8},"end":{"line":100,"column":41}},"27":{"start":{"line":101,"column":8},"end":{"line":101,"column":55}},"28":{"start":{"line":103,"column":8},"end":{"line":103,"column":3066}},"29":{"start":{"line":104,"column":12},"end":{"line":104,"column":67}},"30":{"start":{"line":106,"column":8},"end":{"line":106,"column":56}},"31":{"start":{"line":108,"column":8},"end":{"line":108,"column":3259}},"32":{"start":{"line":109,"column":12},"end":{"line":109,"column":67}},"33":{"start":{"line":110,"column":15},"end":{"line":110,"column":28}},"34":{"start":{"line":114,"column":8},"end":{"line":114,"column":51}},"35":{"start":{"line":118,"column":8},"end":{"line":118,"column":56}},"36":{"start":{"line":126,"column":8},"end":{"line":126,"column":41}},"37":{"start":{"line":127,"column":8},"end":{"line":127,"column":55}},"38":{"start":{"line":129,"column":8},"end":{"line":129,"column":3876}},"39":{"start":{"line":130,"column":12},"end":{"line":130,"column":31}},"40":{"start":{"line":132,"column":8},"end":{"line":132,"column":56}},"41":{"start":{"line":134,"column":8},"end":{"line":134,"column":4013}},"42":{"start":{"line":135,"column":12},"end":{"line":135,"column":31}},"43":{"start":{"line":137,"column":12},"end":{"line":137,"column":52}},"44":{"start":{"line":146,"column":8},"end":{"line":146,"column":65}},"45":{"start":{"line":150,"column":8},"end":{"line":150,"column":4460}},"46":{"start":{"line":151,"column":12},"end":{"line":151,"column":20}},"47":{"start":{"line":153,"column":12},"end":{"line":153,"column":51}},"48":{"start":{"line":163,"column":8},"end":{"line":163,"column":57}},"49":{"start":{"line":164,"column":8},"end":{"line":164,"column":4842}},"50":{"start":{"line":170,"column":8},"end":{"line":170,"column":59}},"51":{"start":{"line":171,"column":8},"end":{"line":171,"column":51}},"52":{"start":{"line":172,"column":8},"end":{"line":172,"column":29}},"53":{"start":{"line":173,"column":8},"end":{"line":173,"column":5161}},"54":{"start":{"line":174,"column":12},"end":{"line":174,"column":5212}},"55":{"start":{"line":175,"column":16},"end":{"line":175,"column":5266}},"56":{"start":{"line":182,"column":16},"end":{"line":182,"column":51}},"57":{"start":{"line":183,"column":16},"end":{"line":183,"column":54}},"58":{"start":{"line":184,"column":16},"end":{"line":184,"column":5604}},"59":{"start":{"line":192,"column":12},"end":{"line":192,"column":5824}},"60":{"start":{"line":199,"column":8},"end":{"line":199,"column":5976}},"61":{"start":{"line":213,"column":8},"end":{"line":213,"column":64}},"62":{"start":{"line":214,"column":8},"end":{"line":214,"column":62}},"63":{"start":{"line":215,"column":8},"end":{"line":215,"column":72}},"64":{"start":{"line":216,"column":8},"end":{"line":216,"column":65}},"65":{"start":{"line":217,"column":8},"end":{"line":217,"column":35}},"66":{"start":{"line":226,"column":8},"end":{"line":226,"column":79}},"67":{"start":{"line":227,"column":8},"end":{"line":227,"column":6856}},"68":{"start":{"line":228,"column":12},"end":{"line":228,"column":6906}},"69":{"start":{"line":229,"column":16},"end":{"line":229,"column":47}},"70":{"start":{"line":231,"column":16},"end":{"line":231,"column":41}},"71":{"start":{"line":233,"column":16},"end":{"line":233,"column":36}},"72":{"start":{"line":236,"column":12},"end":{"line":236,"column":47}},"73":{"start":{"line":237,"column":12},"end":{"line":237,"column":7200}},"74":{"start":{"line":241,"column":16},"end":{"line":241,"column":70}},"75":{"start":{"line":242,"column":16},"end":{"line":242,"column":74}},"76":{"start":{"line":243,"column":16},"end":{"line":243,"column":69}},"77":{"start":{"line":244,"column":16},"end":{"line":244,"column":64}},"78":{"start":{"line":246,"column":16},"end":{"line":246,"column":38}},"79":{"start":{"line":256,"column":8},"end":{"line":256,"column":60}},"80":{"start":{"line":257,"column":8},"end":{"line":257,"column":7906}},"81":{"start":{"line":258,"column":12},"end":{"line":258,"column":37}},"82":{"start":{"line":260,"column":12},"end":{"line":260,"column":64}},"83":{"start":{"line":261,"column":12},"end":{"line":261,"column":63}},"84":{"start":{"line":266,"column":8},"end":{"line":266,"column":64}},"85":{"start":{"line":267,"column":8},"end":{"line":267,"column":37}},"86":{"start":{"line":268,"column":8},"end":{"line":268,"column":26}},"87":{"start":{"line":272,"column":8},"end":{"line":272,"column":60}},"88":{"start":{"line":273,"column":8},"end":{"line":273,"column":62}},"89":{"start":{"line":274,"column":8},"end":{"line":274,"column":55}},"90":{"start":{"line":275,"column":8},"end":{"line":275,"column":35}},"91":{"start":{"line":279,"column":8},"end":{"line":279,"column":8705}},"92":{"start":{"line":285,"column":8},"end":{"line":285,"column":23}},"93":{"start":{"line":293,"column":8},"end":{"line":293,"column":9089}},"94":{"start":{"line":299,"column":8},"end":{"line":299,"column":27}},"95":{"start":{"line":300,"column":8},"end":{"line":300,"column":37}},"96":{"start":{"line":301,"column":8},"end":{"line":301,"column":23}},"97":{"start":{"line":302,"column":8},"end":{"line":302,"column":21}},"98":{"start":{"line":303,"column":8},"end":{"line":303,"column":9420}}},"branchMap":{"1":{"line":43,"type":"if","locations":[{"start":{"line":43,"column":8},"end":{"line":43,"column":8}},{"start":{"line":43,"column":8},"end":{"line":43,"column":8}}]},"2":{"line":66,"type":"if","locations":[{"start":{"line":66,"column":8},"end":{"line":66,"column":8}},{"start":{"line":66,"column":8},"end":{"line":66,"column":8}}]},"3":{"line":71,"type":"if","locations":[{"start":{"line":71,"column":8},"end":{"line":71,"column":8}},{"start":{"line":71,"column":8},"end":{"line":71,"column":8}}]},"4":{"line":80,"type":"if","locations":[{"start":{"line":80,"column":8},"end":{"line":80,"column":8}},{"start":{"line":80,"column":8},"end":{"line":80,"column":8}}]},"5":{"line":90,"type":"if","locations":[{"start":{"line":90,"column":8},"end":{"line":90,"column":8}},{"start":{"line":90,"column":8},"end":{"line":90,"column":8}}]},"6":{"line":103,"type":"if","locations":[{"start":{"line":103,"column":8},"end":{"line":103,"column":8}},{"start":{"line":103,"column":8},"end":{"line":103,"column":8}}]},"7":{"line":108,"type":"if","locations":[{"start":{"line":108,"column":8},"end":{"line":108,"column":8}},{"start":{"line":108,"column":8},"end":{"line":108,"column":8}}]},"8":{"line":129,"type":"if","locations":[{"start":{"line":129,"column":8},"end":{"line":129,"column":8}},{"start":{"line":129,"column":8},"end":{"line":129,"column":8}}]},"9":{"line":134,"type":"if","locations":[{"start":{"line":134,"column":8},"end":{"line":134,"column":8}},{"start":{"line":134,"column":8},"end":{"line":134,"column":8}}]},"10":{"line":150,"type":"if","locations":[{"start":{"line":150,"column":8},"end":{"line":150,"column":8}},{"start":{"line":150,"column":8},"end":{"line":150,"column":8}}]},"11":{"line":163,"type":"if","locations":[{"start":{"line":163,"column":8},"end":{"line":163,"column":8}},{"start":{"line":163,"column":8},"end":{"line":163,"column":8}}]},"12":{"line":170,"type":"if","locations":[{"start":{"line":170,"column":8},"end":{"line":170,"column":8}},{"start":{"line":170,"column":8},"end":{"line":170,"column":8}}]},"13":{"line":173,"type":"if","locations":[{"start":{"line":173,"column":8},"end":{"line":173,"column":8}},{"start":{"line":173,"column":8},"end":{"line":173,"column":8}}]},"14":{"line":174,"type":"if","locations":[{"start":{"line":174,"column":12},"end":{"line":174,"column":12}},{"start":{"line":174,"column":12},"end":{"line":
[...]
e":418,"column":13770}},"83":{"start":{"line":426,"column":8},"end":{"line":426,"column":61}},"84":{"start":{"line":433,"column":8},"end":{"line":433,"column":68}},"85":{"start":{"line":435,"column":8},"end":{"line":435,"column":56}},"86":{"start":{"line":443,"column":8},"end":{"line":443,"column":60}},"87":{"start":{"line":469,"column":8},"end":{"line":469,"column":62}},"88":{"start":{"line":486,"column":8},"end":{"line":486,"column":15640}}},"branchMap":{"1":{"line":58,"type":"if","locations":[{"start":{"line":58,"column":8},"end":{"line":58,"column":8}},{"start":{"line":58,"column":8},"end":{"line":58,"column":8}}]},"2":{"line":64,"type":"if","locations":[{"start":{"line":64,"column":8},"end":{"line":64,"column":8}},{"start":{"line":64,"column":8},"end":{"line":64,"column":8}}]},"3":{"line":70,"type":"if","locations":[{"start":{"line":70,"column":8},"end":{"line":70,"column":8}},{"start":{"line":70,"column":8},"end":{"line":70,"column":8}}]},"4":{"line":76,"type":"if","locations":[{"start":{"line":76,"column":8},"end":{"line":76,"column":8}},{"start":{"line":76,"column":8},"end":{"line":76,"column":8}}]},"5":{"line":94,"type":"if","locations":[{"start":{"line":94,"column":8},"end":{"line":94,"column":8}},{"start":{"line":94,"column":8},"end":{"line":94,"column":8}}]},"6":{"line":121,"type":"if","locations":[{"start":{"line":121,"column":15},"end":{"line":121,"column":15}},{"start":{"line":121,"column":15},"end":{"line":121,"column":15}}]},"7":{"line":158,"type":"if","locations":[{"start":{"line":158,"column":8},"end":{"line":158,"column":8}},{"start":{"line":158,"column":8},"end":{"line":158,"column":8}}]},"8":{"line":168,"type":"if","locations":[{"start":{"line":168,"column":15},"end":{"line":168,"column":15}},{"start":{"line":168,"column":15},"end":{"line":168,"column":15}}]},"9":{"line":189,"type":"if","locations":[{"start":{"line":189,"column":8},"end":{"line":189,"column":8}},{"start":{"line":189,"column":8},"end":{"line":189,"column":8}}]},"10":{"line":193,"type":"if","locations":[{"start":{"line":193,"column":8},"end":{"line":193,"column":8}},{"start":{"line":193,"column":8},"end":{"line":193,"column":8}}]},"11":{"line":194,"type":"if","locations":[{"start":{"line":194,"column":8},"end":{"line":194,"column":8}},{"start":{"line":194,"column":8},"end":{"line":194,"column":8}}]},"12":{"line":209,"type":"if","locations":[{"start":{"line":209,"column":8},"end":{"line":209,"column":8}},{"start":{"line":209,"column":8},"end":{"line":209,"column":8}}]},"13":{"line":229,"type":"if","locations":[{"start":{"line":229,"column":8},"end":{"line":229,"column":8}},{"start":{"line":229,"column":8},"end":{"line":229,"column":8}}]},"14":{"line":233,"type":"if","locations":[{"start":{"line":233,"column":8},"end":{"line":233,"column":8}},{"start":{"line":233,"column":8},"end":{"line":233,"column":8}}]},"15":{"line":240,"type":"if","locations":[{"start":{"line":240,"column":8},"end":{"line":240,"column":8}},{"start":{"line":240,"column":8},"end":{"line":240,"column":8}}]},"16":{"line":244,"type":"if","locations":[{"start":{"line":244,"column":12},"end":{"line":244,"column":12}},{"start":{"line":244,"column":12},"end":{"line":244,"column":12}}]},"17":{"line":245,"type":"if","locations":[{"start":{"line":245,"column":12},"end":{"line":245,"column":12}},{"start":{"line":245,"column":12},"end":{"line":245,"column":12}}]},"18":{"line":261,"type":"if","locations":[{"start":{"line":261,"column":8},"end":{"line":261,"column":8}},{"start":{"line":261,"column":8},"end":{"line":261,"column":8}}]},"19":{"line":279,"type":"if","locations":[{"start":{"line":279,"column":8},"end":{"line":279,"column":8}},{"start":{"line":279,"column":8},"end":{"line":279,"column":8}}]},"20":{"line":292,"type":"if","locations":[{"start":{"line":292,"column":8},"end":{"line":292,"column":8}},{"start":{"line":292,"column":8},"end":{"line":292,"column":8}}]},"21":{"line":296,"type":"if","locations":[{"start":{"line":296,"column":8},"end":{"line":296,"column":8}},{"start":{"line":296,"column":8},"end":{"line":296,"column":8}}]},"22":{"line":301,"type":"if","locations":[{"start":{"line":301,"column":8},"end":{"line":301,"column":8}},{"start":{"line":301,"column":8},"end":{"line":301,"column":8}}]},"23":{"line":302,"type":"if","locations":[{"start":{"line":302,"column":12},"end":{"line":302,"column":12}},{"start":{"line":302,"column":12},"end":{"line":302,"column":12}}]},"24":{"line":304,"type":"if","locations":[{"start":{"line":304,"column":12},"end":{"line":304,"column":12}},{"start":{"line":304,"column":12},"end":{"line":304,"column":12}}]},"25":{"line":314,"type":"if","locations":[{"start":{"line":314,"column":16},"end":{"line":314,"column":16}},{"start":{"line":314,"column":16},"end":{"line":314,"column":16}}]},"26":{"line":323,"type":"if","locations":[{"start":{"line":323,"column":12},"end":{"line":323,"column":12}},{"start":{"line":323,"column":12},"end":{"line":323,"column":12}}]},"27":{"line":329,"type":"if","locations":[{"start":{"line":329,"column":12},"end":{"line":329,"column":12}},{"start":{"line":329,"column":12},"end":{"line":329,"column":12}}]},"28":{"line":345,"type":"if","locations":[{"start":{"line":345,"column":8},"end":{"line":345,"column":8}},{"start":{"line":345,"column":8},"end":{"line":345,"column":8}}]},"29":{"line":357,"type":"if","locations":[{"start":{"line":357,"column":12},"end":{"line":357,"column":12}},{"start":{"line":357,"column":12},"end":{"line":357,"column":12}}]},"30":{"line":368,"type":"if","locations":[{"start":{"line":368,"column":8},"end":{"line":368,"column":8}},{"start":{"line":368,"column":8},"end":{"line":368,"column":8}}]},"31":{"line":376,"type":"if","locations":[{"start":{"line":376,"column":8},"end":{"line":376,"column":8}},{"start":{"line":376,"column":8},"end":{"line":376,"column":8}}]},"32":{"line":443,"type":"if","locations":[{"start":{"line":443,"column":8},"end":{"line":443,"column":8}},{"start":{"line":443,"column":8},"end":{"line":443,"column":8}}]}}},"contracts/Settings.sol":{"l":{"56":0,"57":0,"63":0,"64":0,"65":0,"66":0,"72":0,"73":0,"74":0,"79":0,"83":0,"87":0,"88":0,"89":0,"90":0,"94":0,"95":0,"96":0,"100":0,"101":0,"102":0,"103":0,"107":0,"108":0,"109":0,"110":0,"118":0,"119":0,"121":0,"122":0,"123":0,"124":0,"126":0,"127":0,"128":0,"132":0,"133":0,"134":0,"138":0,"139":0,"140":0,"145":0,"146":0,"151":0,"154":0,"155":0,"159":0,"163":0,"164":0,"165":0,"166":0,"167":0,"168":0,"172":0,"173":0,"174":0,"175":0,"176":0,"180":0,"181":0,"182":0,"183":0,"187":0,"188":0,"189":0,"190":0,"194":0,"195":0,"196":0,"197":0,"201":0,"202":0,"203":0,"204":0,"205":0,"209":0,"216":0,"217":0,"219":0,"227":0,"231":0},"path":"/home/pelumi/Desktop/WK/bridgeContract/contracts/Settings.sol","s":{"1":0,"2":0,"3":0,"4":0,"5":0,"6":0,"7":0,"8":0,"9":0,"10":0,"11":0,"12":0,"13":0,"14":0,"15":0,"16":0,"17":0,"18":0,"19":0,"20":0,"21":0,"22":0,"23":0,"24":0,"25":0,"26":0,"27":0,"28":0,"29":0,"30":0,"31":0,"32":0,"33":0,"34":0,"35":0,"36":0,"37":0,"38":0,"39":0,"40":0,"41":0,"42":0,"43":0,"44":0,"45":0,"46":0,"47":0,"48":0,"49":0,"50":0,"51":0,"52":0,"53":0,"54":0,"55":0,"56":0,"57":0,"58":0,"59":0,"60":0,"61":0,"62":0,"63":0,"64":0,"65":0,"66":0,"67":0,"68":0,"69":0,"70":0,"71":0,"72":0,"73":0,"74":0,"75":0,"76":0,"77":0,"78":0,"79":0,"80":0},"b":{"1":[0,0],"2":[0,0],"3":[0,0],"4":[0,0],"5":[0,0],"6":[0,0],"7":[0,0],"8":[0,0],"9":[0,0],"10":[0,0],"11":[0,0],"12":[0,0],"13":[0,0],"14":[0,0],"15":[0,0],"16":[0,0],"17":[0,0],"18":[0,0],"19":[0,0],"20":[0,0],"21":[0,0],"22":[0,0],"23":[0,0],"24":[0,0],"25":[0,0],"26":[0,0],"27":[0,0]},"f":{"1":0,"2":0,"3":0,"4":0,"5":0,"6":0,"7":0,"8":0,"9":0,"10":0,"11":0,"12":0,"13":0,"14":0,"15":0,"16":0,"17":0,"18":0},"fnMap":{"1":{"name":"constructor","line":55,"loc":{"start":{"line":55,"column":4},"end":{"line":58,"column":4}}},"2":{"name":"setApprovedToAdd","line":60,"loc":{"start":{"line":60,"column":4},"end":{"line":67,"column":4}}},"3":{"name":"setMinValidationPercentage","line":69,"loc":{"start":{"line":69,"column":4},"end":{"line":84,"column":4}}},"4":{"name":"setbaseFeePercentage","line":86,"loc":{"start":{"line":86,"column":4},"end":{"line":91,"column":4}}},"5":{"name":"enableBaseFee","line":93,"loc":{"start":{"line":93,"column":4},"end":{"line":97,"column":4}}},"6":{"name":"setbrgToken","line":99,"loc":{"start":{"line":99,"column":4},"end":{"line":104,"column":4}}},"7":{"name":"setminWithdrawableFee","line":106,"loc":{"start":{"line":106,"column":4},"end":{"line":111,"column":4}}},"8":{"name":"setNetworkSupportedChains","line":113,"loc":{"start":{"line":113,"column":4},"end":{"line":160,"column":4}}},"9":{"name":"updateNetworkFee","line":162,"loc":{"start":{"line":162,"column":4},"end":{"line":169,"column":4}}},"10":{"name":"setRailOwnerFeeShare","line":171,"loc":{"start":{"line":171,"column":4},"end":{"line":177,"column":4}}},"11":{"name":"setUpdatableAssetState","line":179,"loc":{"start":{"line":179,"column":4},"end":{"line":184,"column":4}}},"12":{"name":"setOnlyOwnableRailState","line":186,"loc":{"start":{"line":186,"column":4},"end":{"line":191,"column":4}}},"13":{"name":"setrailRegistrationFee","line":193,"loc":{"start":{"line":193,"column":4},"end":{"line":198,"column":4}}},"14":{"name":"setFeeRemitanceAddress","line":200,"loc":{"start":{"line":200,"column":4},"end":{"line":206,"column":4}}},"15":{"name":"onlyAdmin","line":208,"loc":{"start":{"line":208,"column":4},"end":{"line":213,"column":4}}},"16":{"name":"minValidations","line":215,"loc":{"start":{"line":215,"column":4},"end":{"line":220,"column":4}}},"17":{"name":"getNetworkSupportedChains","line":222,"loc":{"start":{"line":222,"column":4},"end":{"line":228,"column":4}}},"18":{"name":"getChainId","line":230,"loc":{"start":{"line":230,"column":4},"end":{"line":234,"column":4}}}},"statementMap":{"1":{"start":{"line":56,"column":8},"end":{"line":56,"column":31}},"2":{"start":{"line":57,"column":8},"end":{"line":57,"column":35}},"3":{"start":{"line":63,"column":8},"end":{"line":63,"column":18}},"4":{"start":{"line":64,"column":8},"end":{"line":64,"column":67}},"5":{"start":{"line":65,"column":8},"end":{"line":65,"column":47}},"6":{"start":{"line":66,"column":8},"end":{"line":66,"column":42}},"7":{"start":{"line":72,"column":8},"end":{"line":72,"column":55}},"8":{"start":{"line":73,"column":8},"end":{"line":73,"column":69}},"9":{"start":{"line":74,"column":8},"end":{"line":74,"column":2705}},"10":{"start":{"line":79,"column":8},"end":{"line":79,"column":2866}},"11":{"start":{"line":83,"column":8},"end":{"line":83,"column":51}},"12":{"start":{"line":87,"column":8},"end":{"line":87,"column":55}},"13":{"start":{"line":88,"column":8},"end":{"line":88,"column":42}},"14":{"start":{"line":89,"column":8},"end":{"line":89,"column":63}},"15":{"start":{"line":90,"column":8},"end":{"line":90,"column":32}},"16":{"start":{"line":94,"column":8},"end":{"line":94,"column":55}},"17":{"start":{"line":95,"column":8},"end":{"line":95,"column":37}},"18":{"start":{"line":96,"column":8},"end":{"line":96,"column":48}},"19":{"start":{"line":100,"column":8},"end":{"line":100,"column":18}},"20":{"start":{"line":101,"column":8},"end":{"line":101,"column":45}},"21":{"start":{"line":102,"column":8},"end":{"line":102,"column":43}},"22":{"start":{"line":103,"column":8},"end":{"line":103,"column":23}},"23":{"start":{"line":107,"column":8},"end":{"line":107,"column":18}},"24":{"start":{"line":108,"column":8},"end":{"line":108,"column":51}},"25":{"start":{"line":109,"column":8},"end":{"line":109,"column":79}},"26":{"start":{"line":110,"column":8},"end":{"line":110,"column":47}},"27":{"start":{"line":118,"column":8},"end":{"line":118,"column":18}},"28":{"start":{"line":119,"column":8},"end":{"line":119,"column":33}},"29":{"start":{"line":121,"column":8},"end":{"line":121,"column":43}},"30":{"start":{"line":122,"column":8},"end":{"line":122,"column":39}},"31":{"start":{"line":123,"column":8},"end":{"line":123,"column":4287}},"32":{"start":{"line":124,"column":12},"end":{"line":124,"column":55}},"33":{"start":{"line":126,"column":12},"end":{"line":126,"column":4378}},"34":{"start":{"line":127,"column":16},"end":{"line":127,"column":76}},"35":{"start":{"line":128,"column":16},"end":{"line":128,"column":4529}},"36":{"start":{"line":132,"column":20},"end":{"line":132,"column":61}},"37":{"start":{"line":133,"column":20},"end":{"line":133,"column":64}},"38":{"start":{"line":134,"column":20},"end":{"line":134,"column":58}},"39":{"start":{"line":138,"column":12},"end":{"line":138,"column":4906}},"40":{"start":{"line":139,"column":16},"end":{"line":139,"column":4978}},"41":{"start":{"line":140,"column":20},"end":{"line":140,"column":5048}},"42":{"start":{"line":145,"column":24},"end":{"line":145,"column":5243}},"43":{"start":{"line":146,"column":28},"end":{"line":146,"column":5330}},"44":{"start":{"line":151,"column":28},"end":{"line":151,"column":55}},"45":{"start":{"line":154,"column":20},"end":{"line":154,"column":48}},"46":{"start":{"line":155,"column":20},"end":{"line":155,"column":65}},"47":{"start":{"line":159,"column":8},"end":{"line":159,"column":60}},"48":{"start":{"line":163,"column":8},"end":{"line":163,"column":18}},"49":{"start":{"line":164,"column":8},"end":{"line":164,"column":71}},"50":{"start":{"line":165,"column":8},"end":{"line":165,"column":53}},"51":{"start":{"line":166,"column":8},"end":{"line":166,"column":65}},"52":{"start":{"line":167,"column":8},"end":{"line":167,"column":65}},"53":{"start":{"line":168,"column":8},"end":{"line":168,"column":32}},"54":{"start":{"line":172,"column":8},"end":{"line":172,"column":18}},"55":{"start":{"line":173,"column":8},"end":{"line":173,"column":53}},"56":{"start":{"line":174,"column":8},"end":{"line":174,"column":47}},"57":{"start":{"line":175,"column":8},"end":{"line":175,"column":57}},"58":{"start":{"line":176,"column":8},"end":{"line":176,"column":32}},"59":{"start":{"line":180,"column":8},"end":{"line":180,"column":18}},"60":{"start":{"line":181,"column":8},"end":{"line":181,"column":52}},"61":{"start":{"line":182,"column":8},"end":{"line":182,"column":47}},"62":{"start":{"line":183,"column":8},"end":{"line":183,"column":35}},"63":{"start":{"line":187,"column":8},"end":{"line":187,"column":18}},"64":{"start":{"line":188,"column":8},"end":{"line":188,"column":48}},"65":{"start":{"line":189,"column":8},"end":{"line":189,"column":48}},"66":{"start":{"line":190,"column":8},"end":{"line":190,"column":31}},"67":{"start":{"line":194,"column":8},"end":{"line":194,"column":18}},"68":{"start":{"line":195,"column":8},"end":{"line":195,"column":65}},"69":{"start":{"line":196,"column":8},"end":{"line":196,"column":77}},"70":{"start":{"line":197,"column":8},"end":{"line":197,"column":44}},"71":{"start":{"line":201,"column":8},"end":{"line":201,"column":55}},"72":{"start":{"line":202,"column":8},"end":{"line":202,"column":47}},"73":{"start":{"line":203,"column":8},"end":{"line":203,"column":46}},"74":{"start":{"line":204,"column":8},"end":{"line":204,"column":62}},"75":{"start":{"line":205,"column":8},"end":{"line":205,"column":29}},"76":{"start":{"line":209,"column":8},"end":{"line":209,"column":7679}},"77":{"start":{"line":216,"column":8},"end":{"line":216,"column":65}},"78":{"start":{"line":217,"column":8},"end":{"line":217,"column":7988}},"79":{"start":{"line":219,"column":8},"end":{"line":219,"column":74}},"80":{"start":{"line":227,"column":8},"end":{"line":227,"column":37}}},"branchMap":{"1":{"line":64,"type":"if","locations":[{"start":{"line":64,"column":8},"end":{"line":64,"column":8}},{"start":{"line":64,"column":8},"end":{"line":64,"column":8}}]},"2":{"line":72,"type":"if","locations":[{"start":{"line":72,"column":8},"end":{"line":72,"column":8}},{"start":{"line":72,"column":8},"end":{"line":72,"column":8}}]},"3":{"line":73,"type":"if","locations":[{"start":{"line":73,"column":8},"end":{"line":73,"column":8}},{"start":{"line":73,"column":8},"end":{"line":73,"column":8}}]},"4":{"line":74,"type":"if","locations":[{"start":{"line":74,"column":8},"end":{"line":74,"column":8}},{"start":{"line":74,"column":8},"end":{"line":74,"column":8}}]},"5":{"line":87,"type":"if","locations":[{"start":{"line":87,"column":8},"end":{"line":87,"column":8}},{"start":{"line":87,"column":8},"end":{"line":87,"column":8}}]},"6":{"line":88,"type":"if","locations":[{"start":{"line":88,"column":8},"end":{"line":88,"column":8}},{"start":{"line":88,"column":8},"end":{"line":88,"column":8}}]},"7":{"line":94,"type":"if","locations":[{"start":{"line":94,"column":8},"end":{"line":94,"column":8}},{"start":{"line":94,"column":8},"end":{"line":94,"column":8}}]},"8":{"line":101,"type":"if","locations":[{"start":{"line":101,"column":8},"end":{"line":101,"column":8}},{"start":{"line":101,"column":8},"end":{"line":101,"column":8}}]},"9":{"line":108,"type":"if","locations":[{"start":{"line":108,"column":8},"end":{"line":108,"column":8}},{"start":{"line":108,"column":8},"end":{"line":108,"column":8}}]},"10":{"line":123,"type":"if","locations":[{"start":{"line":123,"column":8},"end":{"line":123,"column":8}},{"start":{"line":123,"column":8},"end":{"line":123,"column":8}}]},"11":{"line":124,"type":"if","locations":[{"start":{"line":124,"column":12},"end":{"line":124,"column":12}},{"start":{"line":124,"column":12},"end":{"line":124,"column":12}}]},"12":{"line":127,"type":"if","locations":[{"start":{"line":127,"column":16},"end":{"line":127,"column":16}},{"start":{"line":127,"column":16},"end":{"line":127,"column":16}}]},"13":{"line":128,"type":"if","locations":[{"start":{"line":128,"column":16},"end":{"line":128,"column":16}},{"start":{"line":128,"column":16},"end":{"line":128,"column":16}}]},"14":{"line":139,"type":"if","locations":[{"start":{"line":139,"column":16},"end":{"line":139,"column":16}},{"start":{"line":139,"column":16},"end":{"line":139,"column":16}}]},"15":{"line":145,"type":"if","locations":[{"start":{"line":145,"column":24},"end":{"line":145,"column":24}},{"start":{"line":145,"column":24},"end":{"line":145,"column":24}}]},"16":{"line":164,"type":"if","locations":[{"start":{"line":164,"column":8},"end":{"line":164,"column":8}},{"start":{"line":164,"column":8},"end":{"line":164,"column":8}}]},"17":{"line":165,"type":"if","locations":[{"start":{"line":165,"column":8},"end":{"line":165,"column":8}},{"start":{"line":165,"column":8},"end":{"line":165,"column":8}}]},"18":{"line":166,"type":"if","locations":[{"start":{"line":166,"column":8},"end":{"line":166,"column":8}},{"start":{"line":166,"column":8},"end":{"line":166,"column":8}}]},"19":{"line":173,"type":"if","locations":[{"start":{"line":173,"column":8},"end":{"line":173,"column":8}},{"start":{"line":173,"column":8},"end":{"line":173,"column":8}}]},"20":{"line":174,"type":"if","locations":[{"start":{"line":174,"column":8},"end":{"line":174,"column":8}},{"start":{"line":174,"column":8},"end":{"line":174,"column":8}}]},"21":{"line":181,"type":"if","locations":[{"start":{"line":181,"column":8},"end":{"line":181,"column":8}},{"start":{"line":181,"column":8},"end":{"line":181,"column":8}}]},"22":{"line":188,"type":"if","locations":[{"start":{"line":188,"column":8},"end":{"line":188,"column":8}},{"start":{"line":188,"column":8},"end":{"line":188,"column":8}}]},"23":{"line":195,"type":"if","locations":[{"start":{"line":195,"column":8},"end":{"line":195,"column":8}},{"start":{"line":195,"column":8},"end":{"line":195,"column":8}}]},"24":{"line":201,"type":"if","locations":[{"start":{"line":201,"column":8},"end":{"line":201,"column":8}},{"start":{"line":201,"column":8},"end":{"line":201,"column":8}}]},"25":{"line":202,"type":"if","locations":[{"start":{"line":202,"column":8},"end":{"line":202,"column":8}},{"start":{"line":202,"column":8},"end":{"line":202,"column":8}}]},"26":{"line":203,"type":"if","locations":[{"start":{"line":203,"column":8},"end":{"line":203,"column":8}},{"start":{"line":203,"column":8},"end":{"line":203,"column":8}}]},"27":{"line":209,"type":"if","locations":[{"start":{"line":209,"column":8},"end":{"line":209,"column":8}},{"start":{"line":209,"column":8},"end":{"line":209,"column":8}}]}}}}