TN:
SF:/home/pelumi/Desktop/WK/bridgeContract/contracts/Bridge.sol
FN:141,constructor
FN:170,pauseBrigde
FN:176,updateAddresses
FN:191,activeNativeAsset
FN:204,updateAsset
FN:246,registerRail
FN:307,_registerRail
FN:373,addForiegnAsset
FN:436,_registerForiegn
FN:446,getAssetDecimals
FN:458,standaredize
FN:466,convertToAssetDecimals
FN:479,send
FN:543,burn
FN:589,mint
FN:621,claim
FN:654,payoutUser
FN:668,removeBaseFee
FN:690,processedPayment
FN:728,deductFees
FN:759,remitFees
FN:789,initiateMigration
FN:801,completeMigration
FN:816,migrateForiegn
FN:896,migrateNative
FN:924,_migrateNative
FN:958,registerNativeMigration
FN:1001,registerForiegnMigration
FN:1055,assetLimits
FN:1072,getAssetSupportedChainIds
FN:1080,getAssetCount
FN:1088,notPaused
FN:1093,noneZeroAddress
FN:1098,onlyAdmin
FN:1106,isOwner
FN:1111,isAssetManager
FN:1135,bridgeData
FNF:37
FNH:24
FNDA:195,constructor
FNDA:2,pauseBrigde
FNDA:0,updateAddresses
FNDA:11,activeNativeAsset
FNDA:4,updateAsset
FNDA:22,registerRail
FNDA:21,_registerRail
FNDA:4,addForiegnAsset
FNDA:4,_registerForiegn
FNDA:13,getAssetDecimals
FNDA:9,standaredize
FNDA:4,convertToAssetDecimals
FNDA:10,send
FNDA:0,burn
FNDA:2,mint
FNDA:2,claim
FNDA:9,payoutUser
FNDA:9,removeBaseFee
FNDA:10,processedPayment
FNDA:9,deductFees
FNDA:9,remitFees
FNDA:0,initiateMigration
FNDA:0,completeMigration
FNDA:0,migrateForiegn
FNDA:0,migrateNative
FNDA:0,_migrateNative
FNDA:0,registerNativeMigration
FNDA:0,registerForiegnMigration
FNDA:5,assetLimits
FNDA:0,getAssetSupportedChainIds
FNDA:0,getAssetCount
FNDA:40,notPaused
FNDA:1197,noneZeroAddress
FNDA:0,onlyAdmin
FNDA:4,isOwner
FNDA:6,isAssetManager
FNDA:0,bridgeData
DA:150,195
DA:151,195
DA:152,195
DA:153,195
DA:154,195
DA:155,195
DA:156,195
DA:157,195
DA:158,195
DA:159,195
DA:160,195
DA:161,195
DA:162,195
DA:163,195
DA:164,195
DA:167,195
DA:171,2
DA:172,1
DA:181,0
DA:182,0
DA:183,0
DA:184,0
DA:185,0
DA:186,0
DA:187,0
DA:188,0
DA:193,11
DA:201,11
DA:211,4
DA:212,4
DA:213,4
DA:214,4
DA:219,4
DA:220,4
DA:221,2
DA:223,0
DA:225,2
DA:226,1
DA:231,3
DA:232,3
DA:233,3
DA:234,3
DA:235,3
DA:237,0
DA:238,0
DA:239,0
DA:240,0
DA:243,3
DA:257,22
DA:258,22
DA:260,22
DA:261,2
DA:262,2
DA:265,20
DA:266,20
DA:267,20
DA:273,19
DA:274,19
DA:281,21
DA:292,20
DA:318,21
DA:319,21
DA:320,21
DA:321,21
DA:322,21
DA:323,21
DA:324,21
DA:325,21
DA:326,21
DA:327,21
DA:330,21
DA:331,21
DA:332,21
DA:334,21
DA:335,3
DA:337,20
DA:338,20
DA:339,26
DA:340,26
DA:343,26
DA:346,26
DA:349,26
DA:350,0
DA:356,0
DA:359,0
DA:362,26
DA:363,2
DA:385,4
DA:390,4
DA:398,4
DA:399,4
DA:400,1
DA:401,1
DA:402,1
DA:408,1
DA:410,3
DA:415,3
DA:428,3
DA:429,3
DA:430,3
DA:433,4
DA:441,4
DA:442,4
DA:443,4
DA:451,13
DA:452,1
DA:454,12
DA:463,9
DA:471,4
DA:480,10
DA:482,10
DA:487,10
DA:488,10
DA:493,10
DA:499,9
DA:500,9
DA:501,2
DA:502,1
DA:507,1
DA:511,1
DA:514,9
DA:516,9
DA:520,9
DA:521,9
DA:529,9
DA:546,0
DA:547,0
DA:548,0
DA:550,0
DA:551,0
DA:556,0
DA:562,0
DA:563,0
DA:564,0
DA:565,0
DA:569,0
DA:570,0
DA:578,0
DA:590,2
DA:592,2
DA:595,2
DA:601,2
DA:605,2
DA:606,1
DA:612,1
DA:618,2
DA:622,2
DA:624,2
DA:627,2
DA:631,2
DA:645,2
DA:650,2
DA:651,2
DA:659,9
DA:660,9
DA:661,6
DA:663,3
DA:664,3
DA:673,9
DA:674,9
DA:675,1
DA:676,1
DA:677,1
DA:678,1
DA:679,1
DA:681,0
DA:682,0
DA:685,8
DA:695,10
DA:700,10
DA:701,1
DA:702,1
DA:704,1
DA:706,0
DA:709,9
DA:710,9
DA:714,8
DA:715,8
DA:716,8
DA:717,8
DA:722,1
DA:731,9
DA:732,9
DA:735,9
DA:738,9
DA:743,9
DA:745,9
DA:746,9
DA:748,9
DA:749,9
DA:750,9
DA:751,9
DA:753,0
DA:754,0
DA:756,9
DA:760,9
DA:761,9
DA:762,9
DA:765,9
DA:766,3
DA:767,3
DA:768,3
DA:769,3
DA:770,3
DA:777,3
DA:778,3
DA:779,3
DA:780,3
DA:790,0
DA:791,0
DA:792,0
DA:793,0
DA:794,0
DA:795,0
DA:796,0
DA:797,0
DA:798,0
DA:802,0
DA:804,0
DA:811,0
DA:812,0
DA:813,0
DA:817,0
DA:818,0
DA:823,0
DA:824,0
DA:825,0
DA:826,0
DA:827,0
DA:830,0
DA:831,0
DA:834,0
DA:835,0
DA:837,0
DA:838,0
DA:850,0
DA:855,0
DA:856,0
DA:859,0
DA:860,0
DA:863,0
DA:864,0
DA:865,0
DA:866,0
DA:867,0
DA:868,0
DA:873,0
DA:876,0
DA:877,0
DA:890,0
DA:897,0
DA:898,0
DA:903,0
DA:904,0
DA:905,0
DA:907,0
DA:908,0
DA:910,0
DA:911,0
DA:917,0
DA:918,0
DA:925,0
DA:926,0
DA:927,0
DA:928,0
DA:929,0
DA:941,0
DA:942,0
DA:943,0
DA:955,0
DA:969,0
DA:974,0
DA:979,0
DA:980,0
DA:991,0
DA:992,0
DA:993,0
DA:995,0
DA:996,0
DA:1014,0
DA:1022,0
DA:1023,0
DA:1024,0
DA:1030,0
DA:1032,0
DA:1045,0
DA:1046,0
DA:1047,0
DA:1050,0
DA:1060,5
DA:1061,4
DA:1066,1
DA:1077,0
DA:1081,0
DA:1089,40
DA:1090,40
DA:1094,1197
DA:1095,1197
DA:1099,0
DA:1103,0
DA:1107,4
DA:1108,2
DA:1116,6
DA:1117,6
DA:1118,4
DA:1122,2
DA:1125,2
DA:1129,0
DA:1132,6
DA:1153,0
LF:310
LH:189
BRDA:193,1,0,11
BRDA:193,1,1,0
BRDA:214,2,0,4
BRDA:214,2,1,0
BRDA:220,3,0,2
BRDA:220,3,1,2
BRDA:222,4,0,0
BRDA:222,4,1,2
BRDA:226,5,0,0
BRDA:226,5,1,1
BRDA:227,6,0,1
BRDA:227,6,1,0
BRDA:228,7,0,0
BRDA:228,7,1,0
BRDA:231,8,0,3
BRDA:231,8,1,0
BRDA:260,9,0,2
BRDA:260,9,1,20
BRDA:261,10,0,2
BRDA:261,10,1,0
BRDA:266,11,0,20
BRDA:266,11,1,0
BRDA:267,12,0,19
BRDA:267,12,1,1
BRDA:319,13,0,21
BRDA:319,13,1,0
BRDA:323,14,0,21
BRDA:323,14,1,0
BRDA:324,15,0,21
BRDA:324,15,1,0
BRDA:334,16,0,3
BRDA:334,16,1,18
BRDA:339,17,0,26
BRDA:339,17,1,0
BRDA:340,18,0,26
BRDA:340,18,1,0
BRDA:349,19,0,0
BRDA:349,19,1,26
BRDA:350,20,0,0
BRDA:350,20,1,0
BRDA:362,21,0,2
BRDA:362,21,1,24
BRDA:385,22,0,4
BRDA:385,22,1,0
BRDA:390,23,0,4
BRDA:390,23,1,0
BRDA:399,24,0,1
BRDA:399,24,1,3
BRDA:451,25,0,1
BRDA:451,25,1,12
BRDA:482,26,0,10
BRDA:482,26,1,0
BRDA:493,27,0,9
BRDA:493,27,1,1
BRDA:500,28,0,2
BRDA:500,28,1,7
BRDA:501,29,0,1
BRDA:501,29,1,1
BRDA:548,30,0,0
BRDA:548,30,1,0
BRDA:556,31,0,0
BRDA:556,31,1,0
BRDA:595,32,0,2
BRDA:595,32,1,0
BRDA:605,33,0,1
BRDA:605,33,1,1
BRDA:631,34,0,2
BRDA:631,34,1,0
BRDA:660,35,0,6
BRDA:660,35,1,3
BRDA:674,36,0,1
BRDA:674,36,1,8
BRDA:677,37,0,1
BRDA:677,37,1,0
BRDA:700,38,0,1
BRDA:700,38,1,9
BRDA:701,39,0,1
BRDA:701,39,1,0
BRDA:710,40,0,8
BRDA:710,40,1,1
BRDA:732,41,0,9
BRDA:732,41,1,0
BRDA:735,42,0,9
BRDA:735,42,1,0
BRDA:745,43,0,9
BRDA:745,43,1,0
BRDA:762,44,0,9
BRDA:762,44,1,0
BRDA:765,45,0,3
BRDA:765,45,1,6
BRDA:766,46,0,3
BRDA:766,46,1,0
BRDA:767,47,0,3
BRDA:767,47,1,0
BRDA:777,48,0,3
BRDA:777,48,1,0
BRDA:793,49,0,0
BRDA:793,49,1,0
BRDA:804,50,0,0
BRDA:804,50,1,0
BRDA:818,51,0,0
BRDA:818,51,1,0
BRDA:825,52,0,0
BRDA:825,52,1,0
BRDA:826,53,0,0
BRDA:826,53,1,0
BRDA:827,54,0,0
BRDA:827,54,1,0
BRDA:830,55,0,0
BRDA:830,55,1,0
BRDA:837,56,0,0
BRDA:837,56,1,0
BRDA:855,57,0,0
BRDA:855,57,1,0
BRDA:856,58,0,0
BRDA:856,58,1,0
BRDA:859,59,0,0
BRDA:859,59,1,0
BRDA:866,60,0,0
BRDA:866,60,1,0
BRDA:867,61,0,0
BRDA:867,61,1,0
BRDA:898,62,0,0
BRDA:898,62,1,0
BRDA:905,63,0,0
BRDA:905,63,1,0
BRDA:907,64,0,0
BRDA:907,64,1,0
BRDA:911,65,0,0
BRDA:911,65,1,0
BRDA:927,66,0,0
BRDA:927,66,1,0
BRDA:969,67,0,0
BRDA:969,67,1,0
BRDA:979,68,0,0
BRDA:979,68,1,0
BRDA:995,69,0,0
BRDA:995,69,1,0
BRDA:1014,70,0,0
BRDA:1014,70,1,0
BRDA:1022,71,0,0
BRDA:1022,71,1,0
BRDA:1060,72,0,4
BRDA:1060,72,1,1
BRDA:1089,73,0,40
BRDA:1089,73,1,0
BRDA:1094,74,0,1197
BRDA:1094,74,1,0
BRDA:1099,75,0,0
BRDA:1099,75,1,0
BRDA:1107,76,0,2
BRDA:1107,76,1,2
BRDA:1117,77,0,4
BRDA:1117,77,1,2
BRDA:1118,78,0,2
BRDA:1118,78,1,2
BRDA:1125,79,0,0
BRDA:1125,79,1,2
BRF:158
BRH:71
end_of_record
TN:
SF:/home/pelumi/Desktop/WK/bridgeContract/contracts/BridgePool.sol
FN:59,onlyBridge
FN:63,onlyAuthorized
FN:70,poolInitialized
FN:75,constructor
FN:80,initializePool
FN:87,innitiateBridgeUpdate
FN:98,suspendBridgeUpdate
FN:104,activateNewBridge
FN:118,updatePoolDebtThreshold
FN:134,createPool
FN:167,deposit
FN:186,withdraw
FN:222,sendOut
FN:262,topUp
FN:284,processedPayment
FN:308,payoutUser
FN:322,validPool
FN:326,getWrappedAsset
FN:334,isOwner
FNF:19
FNH:17
FNDA:3,onlyBridge
FNDA:8,onlyAuthorized
FNDA:29,poolInitialized
FNDA:195,constructor
FNDA:41,initializePool
FNDA:7,innitiateBridgeUpdate
FNDA:2,suspendBridgeUpdate
FNDA:3,activateNewBridge
FNDA:0,updatePoolDebtThreshold
FNDA:7,createPool
FNDA:3,deposit
FNDA:2,withdraw
FNDA:1,sendOut
FNDA:2,topUp
FNDA:4,processedPayment
FNDA:2,payoutUser
FNDA:3,validPool
FNDA:0,getWrappedAsset
FNDA:53,isOwner
DA:60,3
DA:61,3
DA:64,8
DA:68,7
DA:71,29
DA:72,27
DA:76,195
DA:77,195
DA:81,41
DA:82,40
DA:83,40
DA:84,40
DA:88,7
DA:89,6
DA:93,5
DA:94,5
DA:95,5
DA:99,2
DA:100,2
DA:101,1
DA:105,3
DA:106,3
DA:107,2
DA:111,1
DA:112,1
DA:113,1
DA:120,0
DA:121,0
DA:122,0
DA:123,0
DA:128,0
DA:136,7
DA:137,7
DA:138,5
DA:139,5
DA:140,1
DA:142,4
DA:143,4
DA:150,5
DA:158,5
DA:159,5
DA:160,5
DA:169,3
DA:170,2
DA:174,2
DA:175,2
DA:176,2
DA:180,2
DA:188,2
DA:189,1
DA:190,1
DA:191,0
DA:193,1
DA:194,1
DA:197,1
DA:199,1
DA:203,1
DA:207,1
DA:209,1
DA:210,1
DA:211,1
DA:212,1
DA:213,1
DA:214,1
DA:215,1
DA:216,1
DA:224,1
DA:225,1
DA:226,1
DA:227,1
DA:228,0
DA:230,1
DA:231,1
DA:233,1
DA:239,1
DA:240,1
DA:241,1
DA:243,0
DA:244,0
DA:245,0
DA:248,0
DA:250,1
DA:254,1
DA:255,1
DA:264,2
DA:268,2
DA:269,2
DA:270,0
DA:271,0
DA:273,0
DA:274,0
DA:275,0
DA:278,2
DA:281,2
DA:288,4
DA:289,1
DA:290,1
DA:291,1
DA:293,0
DA:296,3
DA:297,3
DA:298,3
DA:299,3
DA:300,3
DA:301,3
DA:303,0
DA:313,2
DA:314,2
DA:315,0
DA:317,2
DA:318,2
DA:323,3
DA:331,0
DA:335,53
DA:336,51
LF:115
LH:95
BRDA:60,1,0,3
BRDA:60,1,1,0
BRDA:64,2,0,7
BRDA:64,2,1,1
BRDA:71,3,0,27
BRDA:71,3,1,2
BRDA:76,4,0,195
BRDA:76,4,1,0
BRDA:82,5,0,40
BRDA:82,5,1,0
BRDA:89,6,0,5
BRDA:89,6,1,1
BRDA:100,7,0,1
BRDA:100,7,1,1
BRDA:106,8,0,2
BRDA:106,8,1,1
BRDA:107,9,0,1
BRDA:107,9,1,1
BRDA:121,10,0,0
BRDA:121,10,1,0
BRDA:122,11,0,0
BRDA:122,11,1,0
BRDA:136,12,0,7
BRDA:136,12,1,0
BRDA:137,13,0,5
BRDA:137,13,1,2
BRDA:139,14,0,1
BRDA:139,14,1,4
BRDA:169,15,0,2
BRDA:169,15,1,1
BRDA:174,16,0,2
BRDA:174,16,1,0
BRDA:188,17,0,1
BRDA:188,17,1,1
BRDA:190,18,0,0
BRDA:190,18,1,1
BRDA:199,19,0,1
BRDA:199,19,1,0
BRDA:203,20,0,1
BRDA:203,20,1,0
BRDA:211,21,0,1
BRDA:211,21,1,0
BRDA:224,22,0,1
BRDA:224,22,1,0
BRDA:225,23,0,1
BRDA:225,23,1,0
BRDA:227,24,0,0
BRDA:227,24,1,1
BRDA:233,25,0,1
BRDA:233,25,1,0
BRDA:239,26,0,1
BRDA:239,26,1,0
BRDA:240,27,0,1
BRDA:240,27,1,0
BRDA:250,28,0,1
BRDA:250,28,1,0
BRDA:268,29,0,2
BRDA:268,29,1,0
BRDA:269,30,0,0
BRDA:269,30,1,2
BRDA:270,31,0,0
BRDA:270,31,1,0
BRDA:288,32,0,1
BRDA:288,32,1,3
BRDA:289,33,0,1
BRDA:289,33,1,0
BRDA:297,34,0,3
BRDA:297,34,1,0
BRDA:313,35,0,2
BRDA:313,35,1,0
BRDA:314,36,0,0
BRDA:314,36,1,2
BRDA:335,37,0,51
BRDA:335,37,1,2
BRF:74
BRH:46
end_of_record
TN:
SF:/home/pelumi/Desktop/WK/bridgeContract/contracts/bridgeSocket.sol
FN:42,notPaused
FN:47,getNativeAssetCount
FN:52,getForiegnAssetCount
FN:57,getDirectswapAssetCount
FN:62,validAsset
FN:76,isNativeAsset
FN:86,isForiegnAsset
FN:95,getAssetLimits
FN:113,getSupportedChainIDs
FN:117,isSupportedChain
FN:121,getAsset
FN:141,getTransactionGas
FN:149,getTransactionFee
FN:162,bridgeAsset
FN:209,processFees
FN:220,processTransaction
FN:251,payoutUser
FN:265,updateFee
FN:271,updateFeeRemitance
FN:278,pauseSocket
FN:292,updateSocket
FNF:21
FNH:11
FNDA:3,notPaused
FNDA:0,getNativeAssetCount
FNDA:0,getForiegnAssetCount
FNDA:0,getDirectswapAssetCount
FNDA:2,validAsset
FNDA:2,isNativeAsset
FNDA:0,isForiegnAsset
FNDA:0,getAssetLimits
FNDA:0,getSupportedChainIDs
FNDA:0,isSupportedChain
FNDA:0,getAsset
FNDA:0,getTransactionGas
FNDA:0,getTransactionFee
FNDA:2,bridgeAsset
FNDA:2,processFees
FNDA:2,processTransaction
FNDA:2,payoutUser
FNDA:2,updateFee
FNDA:4,updateFeeRemitance
FNDA:3,pauseSocket
FNDA:5,updateSocket
DA:43,3
DA:44,2
DA:48,0
DA:49,0
DA:53,0
DA:54,0
DA:58,0
DA:59,0
DA:63,2
DA:64,2
DA:66,2
DA:67,2
DA:69,0
DA:71,0
DA:72,0
DA:77,2
DA:78,2
DA:80,2
DA:81,2
DA:83,0
DA:87,0
DA:88,0
DA:90,0
DA:91,0
DA:100,0
DA:101,0
DA:103,0
DA:104,0
DA:106,0
DA:108,0
DA:109,0
DA:114,0
DA:118,0
DA:126,0
DA:127,0
DA:129,0
DA:130,0
DA:132,0
DA:134,0
DA:135,0
DA:137,0
DA:146,0
DA:150,0
DA:151,0
DA:153,0
DA:163,2
DA:164,2
DA:170,2
DA:171,2
DA:172,2
DA:173,2
DA:174,2
DA:175,0
DA:182,2
DA:183,2
DA:184,2
DA:192,0
DA:199,2
DA:213,2
DA:214,2
DA:215,2
DA:216,2
DA:217,2
DA:226,2
DA:227,2
DA:228,0
DA:229,0
DA:231,0
DA:233,0
DA:236,2
DA:237,2
DA:241,2
DA:242,2
DA:243,2
DA:244,2
DA:246,0
DA:256,2
DA:257,2
DA:258,0
DA:260,2
DA:261,2
DA:266,2
DA:267,2
DA:268,2
DA:272,4
DA:273,4
DA:274,4
DA:275,4
DA:279,3
DA:285,2
DA:293,5
DA:299,5
DA:300,5
DA:301,5
DA:302,5
DA:303,5
LF:96
LH:53
BRDA:43,1,0,2
BRDA:43,1,1,1
BRDA:66,2,0,2
BRDA:66,2,1,0
BRDA:71,3,0,0
BRDA:71,3,1,0
BRDA:80,4,0,2
BRDA:80,4,1,0
BRDA:90,5,0,0
BRDA:90,5,1,0
BRDA:103,6,0,0
BRDA:103,6,1,0
BRDA:108,7,0,0
BRDA:108,7,1,0
BRDA:129,8,0,0
BRDA:129,8,1,0
BRDA:134,9,0,0
BRDA:134,9,1,0
BRDA:150,10,0,0
BRDA:150,10,1,0
BRDA:163,11,0,2
BRDA:163,11,1,0
BRDA:170,12,0,2
BRDA:170,12,1,0
BRDA:173,13,0,2
BRDA:173,13,1,0
BRDA:174,14,0,0
BRDA:174,14,1,2
BRDA:227,15,0,0
BRDA:227,15,1,2
BRDA:228,16,0,0
BRDA:228,16,1,0
BRDA:237,17,0,2
BRDA:237,17,1,0
BRDA:256,18,0,2
BRDA:256,18,1,0
BRDA:257,19,0,0
BRDA:257,19,1,2
BRDA:266,20,0,2
BRDA:266,20,1,0
BRDA:272,21,0,4
BRDA:272,21,1,0
BRDA:273,22,0,4
BRDA:273,22,1,0
BRDA:279,23,0,2
BRDA:279,23,1,1
BRDA:293,24,0,5
BRDA:293,24,1,0
BRF:48
BRH:18
end_of_record
TN:
SF:/home/pelumi/Desktop/WK/bridgeContract/contracts/Controller.sol
FN:25,onlyAdmin
FN:30,constructor
FN:35,addAdmin
FN:54,addRegistrar
FN:73,addOracle
FN:92,addValidator
FN:111,validatorsCount
FN:115,oraclesCount
FN:119,adminsCount
FN:123,registrarsCount
FNF:10
FNH:10
FNDA:192,onlyAdmin
FNDA:276,constructor
FNDA:349,addAdmin
FNDA:30,addRegistrar
FNDA:30,addOracle
FNDA:126,addValidator
FNDA:23,validatorsCount
FNDA:1,oraclesCount
FNDA:1,adminsCount
FNDA:1,registrarsCount
DA:26,192
DA:27,186
DA:32,276
DA:36,349
DA:37,347
DA:38,346
DA:39,346
DA:41,2
DA:42,2
DA:43,2
DA:44,5
DA:45,2
DA:46,2
DA:49,2
DA:51,348
DA:55,30
DA:56,28
DA:57,27
DA:58,27
DA:60,2
DA:61,2
DA:62,2
DA:63,3
DA:64,2
DA:65,2
DA:68,2
DA:70,29
DA:74,30
DA:75,28
DA:76,27
DA:77,27
DA:79,2
DA:80,2
DA:81,2
DA:82,3
DA:83,2
DA:84,2
DA:87,2
DA:89,29
DA:93,126
DA:94,124
DA:95,123
DA:96,123
DA:98,2
DA:99,2
DA:100,2
DA:101,3
DA:102,2
DA:103,2
DA:106,2
DA:108,125
DA:112,23
DA:116,1
DA:120,1
DA:124,1
LF:55
LH:55
BRDA:26,1,0,186
BRDA:26,1,1,6
BRDA:36,2,0,347
BRDA:36,2,1,2
BRDA:37,3,0,346
BRDA:37,3,1,1
BRDA:41,4,0,2
BRDA:41,4,1,0
BRDA:44,5,0,2
BRDA:44,5,1,3
BRDA:55,6,0,28
BRDA:55,6,1,2
BRDA:56,7,0,27
BRDA:56,7,1,1
BRDA:61,8,0,2
BRDA:61,8,1,0
BRDA:63,9,0,2
BRDA:63,9,1,1
BRDA:74,10,0,28
BRDA:74,10,1,2
BRDA:75,11,0,27
BRDA:75,11,1,1
BRDA:79,12,0,2
BRDA:79,12,1,0
BRDA:82,13,0,2
BRDA:82,13,1,1
BRDA:93,14,0,124
BRDA:93,14,1,2
BRDA:94,15,0,123
BRDA:94,15,1,1
BRDA:98,16,0,2
BRDA:98,16,1,0
BRDA:101,17,0,2
BRDA:101,17,1,1
BRF:34
BRH:30
end_of_record
TN:
SF:/home/pelumi/Desktop/WK/bridgeContract/contracts/Deployer.sol
FN:30,onlyOwner
FN:34,Admin
FN:42,constructor
FN:46,deployerWrappedAsset
FN:75,updateBridge
FN:81,enableLossLess
FN:91,updateLossless
FNF:7
FNH:7
FNDA:31,onlyOwner
FNDA:2,Admin
FNDA:195,constructor
FNDA:4,deployerWrappedAsset
FNDA:26,updateBridge
FNDA:3,enableLossLess
FNDA:1,updateLossless
DA:31,31
DA:32,29
DA:35,2
DA:39,1
DA:43,195
DA:51,4
DA:52,3
DA:53,3
DA:62,3
DA:63,3
DA:65,0
DA:70,0
DA:71,0
DA:76,26
DA:77,25
DA:78,25
DA:82,3
DA:83,3
DA:84,3
DA:92,1
DA:101,1
DA:102,1
DA:103,1
LF:23
LH:20
BRDA:31,1,0,29
BRDA:31,1,1,2
BRDA:35,2,0,1
BRDA:35,2,1,1
BRDA:51,3,0,3
BRDA:51,3,1,1
BRDA:52,4,0,3
BRDA:52,4,1,0
BRDA:76,5,0,25
BRDA:76,5,1,1
BRDA:82,6,0,3
BRDA:82,6,1,0
BRF:12
BRH:10
end_of_record
TN:
SF:/home/pelumi/Desktop/WK/bridgeContract/contracts/FeeController.sol
FN:39,onlyOwner
FN:44,Admin
FN:52,constructor
FN:57,activateBrgHoldingIncentive
FN:63,activateAssetIncentive
FN:69,activateAddressExemption
FN:75,exemptAddress
FN:83,setAssetIncentivization
FN:91,setBrgHoldingThreshold
FN:97,setBrgHoldingIncentive
FN:104,getBridgeFee
FN:135,getIncentive
FNF:12
FNH:12
FNDA:17,onlyOwner
FNDA:19,Admin
FNDA:270,constructor
FNDA:4,activateBrgHoldingIncentive
FNDA:5,activateAssetIncentive
FNDA:5,activateAddressExemption
FNDA:5,exemptAddress
FNDA:3,setAssetIncentivization
FNDA:2,setBrgHoldingThreshold
FNDA:2,setBrgHoldingIncentive
FNDA:31,getBridgeFee
FNDA:2,getIncentive
DA:40,17
DA:41,12
DA:45,19
DA:49,14
DA:53,270
DA:54,270
DA:58,4
DA:59,4
DA:60,4
DA:64,5
DA:65,5
DA:66,5
DA:70,5
DA:71,5
DA:72,5
DA:76,5
DA:77,5
DA:78,5
DA:85,3
DA:86,3
DA:87,2
DA:88,2
DA:92,2
DA:93,2
DA:94,2
DA:98,2
DA:99,2
DA:100,1
DA:101,1
DA:109,31
DA:110,31
DA:111,31
DA:112,1
DA:114,30
DA:115,1
DA:119,1
DA:122,30
DA:123,1
DA:126,30
DA:127,0
DA:129,28
DA:131,2
DA:140,2
DA:141,0
DA:143,2
LF:45
LH:43
BRDA:40,1,0,12
BRDA:40,1,1,5
BRDA:45,2,0,14
BRDA:45,2,1,5
BRDA:58,3,0,4
BRDA:58,3,1,0
BRDA:64,4,0,5
BRDA:64,4,1,0
BRDA:70,5,0,5
BRDA:70,5,1,0
BRDA:76,6,0,5
BRDA:76,6,1,0
BRDA:85,7,0,3
BRDA:85,7,1,0
BRDA:86,8,0,2
BRDA:86,8,1,1
BRDA:92,9,0,2
BRDA:92,9,1,0
BRDA:98,10,0,2
BRDA:98,10,1,0
BRDA:99,11,0,1
BRDA:99,11,1,1
BRDA:111,12,0,1
BRDA:111,12,1,30
BRDA:114,13,0,1
BRDA:114,13,1,29
BRDA:115,14,0,1
BRDA:115,14,1,0
BRDA:122,15,0,1
BRDA:122,15,1,29
BRDA:126,16,0,0
BRDA:126,16,1,30
BRDA:128,17,0,28
BRDA:128,17,1,2
BRDA:140,18,0,0
BRDA:140,18,1,2
BRF:36
BRH:26
end_of_record
TN:
SF:/home/pelumi/Desktop/WK/bridgeContract/contracts/Registry.sol
FN:55,constructor
FN:57,completeSendTransaction
FN:63,completeBurnTransaction
FN:69,completeMintTransaction
FN:75,completeClaimTransaction
FN:93,registerTransaction
FN:149,_registerTransaction
FN:181,registerClaimTransaction
FN:221,registerMintTransaction
FN:273,convertToAssetDecimals
FN:287,validateTransaction
FN:383,getEthSignedMessageHash
FN:409,getSigner
FN:429,recoverSigner
FN:438,splitSignature
FN:464,transactionValidated
FN:472,getChainId
FN:478,getID
FNF:18
FNH:0
FNDA:0,constructor
FNDA:0,completeSendTransaction
FNDA:0,completeBurnTransaction
FNDA:0,completeMintTransaction
FNDA:0,completeClaimTransaction
FNDA:0,registerTransaction
FNDA:0,_registerTransaction
FNDA:0,registerClaimTransaction
FNDA:0,registerMintTransaction
FNDA:0,convertToAssetDecimals
FNDA:0,validateTransaction
FNDA:0,getEthSignedMessageHash
FNDA:0,getSigner
FNDA:0,recoverSigner
FNDA:0,splitSignature
FNDA:0,transactionValidated
FNDA:0,getChainId
FNDA:0,getID
DA:58,0
DA:59,0
DA:60,0
DA:64,0
DA:65,0
DA:66,0
DA:70,0
DA:71,0
DA:72,0
DA:76,0
DA:77,0
DA:78,0
DA:84,0
DA:94,0
DA:95,0
DA:96,0
DA:107,0
DA:115,0
DA:116,0
DA:117,0
DA:122,0
DA:123,0
DA:134,0
DA:142,0
DA:143,0
DA:145,0
DA:146,0
DA:158,0
DA:159,0
DA:167,0
DA:169,0
DA:177,0
DA:189,0
DA:193,0
DA:194,0
DA:198,0
DA:209,0
DA:210,0
DA:229,0
DA:233,0
DA:234,0
DA:235,0
DA:240,0
DA:241,0
DA:244,0
DA:245,0
DA:251,0
DA:261,0
DA:262,0
DA:278,0
DA:279,0
DA:280,0
DA:282,0
DA:284,0
DA:292,0
DA:296,0
DA:300,0
DA:301,0
DA:302,0
DA:303,0
DA:304,0
DA:310,0
DA:314,0
DA:323,0
DA:324,0
DA:325,0
DA:329,0
DA:345,0
DA:346,0
DA:347,0
DA:348,0
DA:357,0
DA:362,0
DA:363,0
DA:364,0
DA:368,0
DA:373,0
DA:374,0
DA:375,0
DA:376,0
DA:377,0
DA:379,0
DA:391,0
DA:418,0
DA:426,0
DA:433,0
DA:435,0
DA:443,0
DA:445,0
DA:469,0
DA:473,0
DA:486,0
LF:92
LH:0
BRDA:58,1,0,0
BRDA:58,1,1,0
BRDA:64,2,0,0
BRDA:64,2,1,0
BRDA:70,3,0,0
BRDA:70,3,1,0
BRDA:76,4,0,0
BRDA:76,4,1,0
BRDA:94,5,0,0
BRDA:94,5,1,0
BRDA:121,6,0,0
BRDA:121,6,1,0
BRDA:158,7,0,0
BRDA:158,7,1,0
BRDA:168,8,0,0
BRDA:168,8,1,0
BRDA:189,9,0,0
BRDA:189,9,1,0
BRDA:193,10,0,0
BRDA:193,10,1,0
BRDA:194,11,0,0
BRDA:194,11,1,0
BRDA:209,12,0,0
BRDA:209,12,1,0
BRDA:229,13,0,0
BRDA:229,13,1,0
BRDA:233,14,0,0
BRDA:233,14,1,0
BRDA:240,15,0,0
BRDA:240,15,1,0
BRDA:244,16,0,0
BRDA:244,16,1,0
BRDA:245,17,0,0
BRDA:245,17,1,0
BRDA:261,18,0,0
BRDA:261,18,1,0
BRDA:279,19,0,0
BRDA:279,19,1,0
BRDA:292,20,0,0
BRDA:292,20,1,0
BRDA:296,21,0,0
BRDA:296,21,1,0
BRDA:301,22,0,0
BRDA:301,22,1,0
BRDA:302,23,0,0
BRDA:302,23,1,0
BRDA:304,24,0,0
BRDA:304,24,1,0
BRDA:314,25,0,0
BRDA:314,25,1,0
BRDA:323,26,0,0
BRDA:323,26,1,0
BRDA:329,27,0,0
BRDA:329,27,1,0
BRDA:345,28,0,0
BRDA:345,28,1,0
BRDA:357,29,0,0
BRDA:357,29,1,0
BRDA:368,30,0,0
BRDA:368,30,1,0
BRDA:376,31,0,0
BRDA:376,31,1,0
BRDA:443,32,0,0
BRDA:443,32,1,0
BRF:64
BRH:0
end_of_record
TN:
SF:/home/pelumi/Desktop/WK/bridgeContract/contracts/Settings.sol
FN:55,constructor
FN:60,setApprovedToAdd
FN:69,setMinValidationPercentage
FN:86,setbaseFeePercentage
FN:93,enableBaseFee
FN:99,setbrgToken
FN:106,setminWithdrawableFee
FN:113,setNetworkSupportedChains
FN:162,updateNetworkFee
FN:171,setRailOwnerFeeShare
FN:179,setUpdatableAssetState
FN:186,setOnlyOwnableRailState
FN:193,setrailRegistrationFee
FN:200,setFeeRemitanceAddress
FN:208,onlyAdmin
FN:215,minValidations
FN:222,getNetworkSupportedChains
FN:230,getChainId
FNF:18
FNH:0
FNDA:0,constructor
FNDA:0,setApprovedToAdd
FNDA:0,setMinValidationPercentage
FNDA:0,setbaseFeePercentage
FNDA:0,enableBaseFee
FNDA:0,setbrgToken
FNDA:0,setminWithdrawableFee
FNDA:0,setNetworkSupportedChains
FNDA:0,updateNetworkFee
FNDA:0,setRailOwnerFeeShare
FNDA:0,setUpdatableAssetState
FNDA:0,setOnlyOwnableRailState
FNDA:0,setrailRegistrationFee
FNDA:0,setFeeRemitanceAddress
FNDA:0,onlyAdmin
FNDA:0,minValidations
FNDA:0,getNetworkSupportedChains
FNDA:0,getChainId
DA:56,0
DA:57,0
DA:63,0
DA:64,0
DA:65,0
DA:66,0
DA:72,0
DA:73,0
DA:74,0
DA:79,0
DA:83,0
DA:87,0
DA:88,0
DA:89,0
DA:90,0
DA:94,0
DA:95,0
DA:96,0
DA:100,0
DA:101,0
DA:102,0
DA:103,0
DA:107,0
DA:108,0
DA:109,0
DA:110,0
DA:118,0
DA:119,0
DA:121,0
DA:122,0
DA:123,0
DA:124,0
DA:126,0
DA:127,0
DA:128,0
DA:132,0
DA:133,0
DA:134,0
DA:138,0
DA:139,0
DA:140,0
DA:145,0
DA:146,0
DA:151,0
DA:154,0
DA:155,0
DA:159,0
DA:163,0
DA:164,0
DA:165,0
DA:166,0
DA:167,0
DA:168,0
DA:172,0
DA:173,0
DA:174,0
DA:175,0
DA:176,0
DA:180,0
DA:181,0
DA:182,0
DA:183,0
DA:187,0
DA:188,0
DA:189,0
DA:190,0
DA:194,0
DA:195,0
DA:196,0
DA:197,0
DA:201,0
DA:202,0
DA:203,0
DA:204,0
DA:205,0
DA:209,0
DA:216,0
DA:217,0
DA:219,0
DA:227,0
DA:231,0
LF:81
LH:0
BRDA:64,1,0,0
BRDA:64,1,1,0
BRDA:72,2,0,0
BRDA:72,2,1,0
BRDA:73,3,0,0
BRDA:73,3,1,0
BRDA:74,4,0,0
BRDA:74,4,1,0
BRDA:87,5,0,0
BRDA:87,5,1,0
BRDA:88,6,0,0
BRDA:88,6,1,0
BRDA:94,7,0,0
BRDA:94,7,1,0
BRDA:101,8,0,0
BRDA:101,8,1,0
BRDA:108,9,0,0
BRDA:108,9,1,0
BRDA:123,10,0,0
BRDA:123,10,1,0
BRDA:124,11,0,0
BRDA:124,11,1,0
BRDA:127,12,0,0
BRDA:127,12,1,0
BRDA:128,13,0,0
BRDA:128,13,1,0
BRDA:139,14,0,0
BRDA:139,14,1,0
BRDA:145,15,0,0
BRDA:145,15,1,0
BRDA:164,16,0,0
BRDA:164,16,1,0
BRDA:165,17,0,0
BRDA:165,17,1,0
BRDA:166,18,0,0
BRDA:166,18,1,0
BRDA:173,19,0,0
BRDA:173,19,1,0
BRDA:174,20,0,0
BRDA:174,20,1,0
BRDA:181,21,0,0
BRDA:181,21,1,0
BRDA:188,22,0,0
BRDA:188,22,1,0
BRDA:195,23,0,0
BRDA:195,23,1,0
BRDA:201,24,0,0
BRDA:201,24,1,0
BRDA:202,25,0,0
BRDA:202,25,1,0
BRDA:203,26,0,0
BRDA:203,26,1,0
BRDA:209,27,0,0
BRDA:209,27,1,0
BRF:54
BRH:0
end_of_record
